{"/home/travis/build/npmtest/node-npmtest-pcap/test.js":{"path":"/home/travis/build/npmtest/node-npmtest-pcap/test.js","s":{"1":2,"2":2,"3":2,"4":2,"5":2,"6":2,"7":2,"8":1,"9":2,"10":2,"11":1,"12":1,"13":1,"14":1,"15":2,"16":2,"17":2,"18":2,"19":1,"20":1,"21":2,"22":2,"23":2,"24":1,"25":1,"26":1,"27":1,"28":1,"29":1,"30":1,"31":1,"32":1,"33":1,"34":1,"35":1,"36":1,"37":1,"38":1,"39":2,"40":2,"41":1,"42":2,"43":2,"44":1,"45":2,"46":2,"47":1,"48":2,"49":2,"50":1,"51":1,"52":1,"53":1,"54":1},"b":{"1":[2,1,1,1],"2":[1,1,1,1],"3":[1,1],"4":[1,1],"5":[1,1],"6":[1,1],"7":[1,1],"8":[1,1],"9":[1,1],"10":[1,1,1],"11":[1,1],"12":[1,1],"13":[1,1],"14":[1,1],"15":[1,1],"16":[1,1],"17":[1,1]},"f":{"1":2,"2":2,"3":2,"4":2,"5":2,"6":1,"7":1,"8":1,"9":2,"10":2,"11":2,"12":2,"13":1},"fnMap":{"1":{"name":"(anonymous_1)","line":12,"loc":{"start":{"line":12,"column":1},"end":{"line":12,"column":13}}},"2":{"name":"(anonymous_2)","line":19,"loc":{"start":{"line":19,"column":5},"end":{"line":19,"column":17}}},"3":{"name":"(anonymous_3)","line":23,"loc":{"start":{"line":23,"column":24},"end":{"line":23,"column":36}}},"4":{"name":"(anonymous_4)","line":61,"loc":{"start":{"line":61,"column":5},"end":{"line":61,"column":17}}},"5":{"name":"(anonymous_5)","line":82,"loc":{"start":{"line":82,"column":5},"end":{"line":82,"column":17}}},"6":{"name":"(anonymous_6)","line":91,"loc":{"start":{"line":91,"column":77},"end":{"line":94,"column":10}}},"7":{"name":"(anonymous_7)","line":112,"loc":{"start":{"line":112,"column":83},"end":{"line":115,"column":10}},"skip":true},"8":{"name":"(anonymous_8)","line":123,"loc":{"start":{"line":123,"column":77},"end":{"line":126,"column":10}},"skip":true},"9":{"name":"(anonymous_9)","line":139,"loc":{"start":{"line":139,"column":12},"end":{"line":139,"column":40}},"skip":true},"10":{"name":"(anonymous_10)","line":147,"loc":{"start":{"line":147,"column":77},"end":{"line":150,"column":10}},"skip":true},"11":{"name":"(anonymous_11)","line":158,"loc":{"start":{"line":158,"column":83},"end":{"line":161,"column":10}},"skip":true},"12":{"name":"(anonymous_12)","line":169,"loc":{"start":{"line":169,"column":79},"end":{"line":172,"column":10}},"skip":true},"13":{"name":"(anonymous_13)","line":180,"loc":{"start":{"line":180,"column":75},"end":{"line":183,"column":10}},"skip":true}},"statementMap":{"1":{"start":{"line":12,"column":0},"end":{"line":195,"column":5}},"2":{"start":{"line":14,"column":4},"end":{"line":14,"column":14}},"3":{"start":{"line":19,"column":4},"end":{"line":56,"column":9}},"4":{"start":{"line":21,"column":8},"end":{"line":21,"column":19}},"5":{"start":{"line":23,"column":8},"end":{"line":35,"column":13}},"6":{"start":{"line":24,"column":12},"end":{"line":34,"column":13}},"7":{"start":{"line":25,"column":16},"end":{"line":28,"column":30}},"8":{"start":{"line":30,"column":16},"end":{"line":33,"column":27}},"9":{"start":{"line":37,"column":8},"end":{"line":39,"column":21}},"10":{"start":{"line":40,"column":8},"end":{"line":53,"column":9}},"11":{"start":{"line":43,"column":12},"end":{"line":46,"column":14}},"12":{"start":{"line":47,"column":12},"end":{"line":47,"column":18}},"13":{"start":{"line":50,"column":12},"end":{"line":51,"column":46}},"14":{"start":{"line":52,"column":12},"end":{"line":52,"column":18}},"15":{"start":{"line":55,"column":8},"end":{"line":55,"column":35}},"16":{"start":{"line":61,"column":4},"end":{"line":63,"column":9}},"17":{"start":{"line":62,"column":8},"end":{"line":62,"column":15}},"18":{"start":{"line":64,"column":4},"end":{"line":77,"column":5}},"19":{"start":{"line":70,"column":8},"end":{"line":70,"column":14}},"20":{"start":{"line":76,"column":8},"end":{"line":76,"column":14}},"21":{"start":{"line":82,"column":4},"end":{"line":84,"column":9}},"22":{"start":{"line":83,"column":8},"end":{"line":83,"column":15}},"23":{"start":{"line":85,"column":4},"end":{"line":194,"column":5}},"24":{"start":{"line":91,"column":8},"end":{"line":99,"column":10}},"25":{"start":{"line":98,"column":12},"end":{"line":98,"column":35}},"26":{"start":{"line":102,"column":8},"end":{"line":104,"column":63}},"27":{"start":{"line":105,"column":8},"end":{"line":105,"column":14}},"28":{"start":{"line":112,"column":8},"end":{"line":121,"column":10},"skip":true},"29":{"start":{"line":119,"column":12},"end":{"line":119,"column":55},"skip":true},"30":{"start":{"line":120,"column":12},"end":{"line":120,"column":48},"skip":true},"31":{"start":{"line":123,"column":8},"end":{"line":136,"column":10},"skip":true},"32":{"start":{"line":130,"column":12},"end":{"line":130,"column":76},"skip":true},"33":{"start":{"line":131,"column":12},"end":{"line":131,"column":73},"skip":true},"34":{"start":{"line":132,"column":12},"end":{"line":132,"column":74},"skip":true},"35":{"start":{"line":133,"column":12},"end":{"line":133,"column":79},"skip":true},"36":{"start":{"line":134,"column":12},"end":{"line":134,"column":25},"skip":true},"37":{"start":{"line":135,"column":12},"end":{"line":135,"column":45},"skip":true},"38":{"start":{"line":138,"column":8},"end":{"line":145,"column":14},"skip":true},"39":{"start":{"line":143,"column":16},"end":{"line":143,"column":29},"skip":true},"40":{"start":{"line":144,"column":16},"end":{"line":144,"column":55},"skip":true},"41":{"start":{"line":147,"column":8},"end":{"line":156,"column":10},"skip":true},"42":{"start":{"line":154,"column":12},"end":{"line":154,"column":25},"skip":true},"43":{"start":{"line":155,"column":12},"end":{"line":155,"column":45},"skip":true},"44":{"start":{"line":158,"column":8},"end":{"line":167,"column":10},"skip":true},"45":{"start":{"line":165,"column":12},"end":{"line":165,"column":25},"skip":true},"46":{"start":{"line":166,"column":12},"end":{"line":166,"column":48},"skip":true},"47":{"start":{"line":169,"column":8},"end":{"line":178,"column":10},"skip":true},"48":{"start":{"line":176,"column":12},"end":{"line":176,"column":25},"skip":true},"49":{"start":{"line":177,"column":12},"end":{"line":177,"column":46},"skip":true},"50":{"start":{"line":180,"column":8},"end":{"line":189,"column":10},"skip":true},"51":{"start":{"line":187,"column":12},"end":{"line":187,"column":94},"skip":true},"52":{"start":{"line":188,"column":12},"end":{"line":188,"column":48},"skip":true},"53":{"start":{"line":192,"column":8},"end":{"line":192,"column":35},"skip":true},"54":{"start":{"line":193,"column":8},"end":{"line":193,"column":14},"skip":true}},"branchMap":{"1":{"line":25,"type":"binary-expr","locations":[{"start":{"line":25,"column":23},"end":{"line":25,"column":62}},{"start":{"line":26,"column":20},"end":{"line":26,"column":70}},{"start":{"line":27,"column":20},"end":{"line":27,"column":71}},{"start":{"line":28,"column":20},"end":{"line":28,"column":29}}]},"2":{"line":30,"type":"binary-expr","locations":[{"start":{"line":30,"column":23},"end":{"line":30,"column":37}},{"start":{"line":31,"column":20},"end":{"line":31,"column":61}},{"start":{"line":32,"column":20},"end":{"line":32,"column":70}},{"start":{"line":33,"column":20},"end":{"line":33,"column":26}}]},"3":{"line":37,"type":"cond-expr","locations":[{"start":{"line":38,"column":14},"end":{"line":38,"column":20}},{"start":{"line":39,"column":14},"end":{"line":39,"column":20}}]},"4":{"line":40,"type":"switch","locations":[{"start":{"line":42,"column":8},"end":{"line":47,"column":18}},{"start":{"line":49,"column":8},"end":{"line":52,"column":18}}]},"5":{"line":44,"type":"binary-expr","locations":[{"start":{"line":44,"column":16},"end":{"line":44,"column":44}},{"start":{"line":44,"column":48},"end":{"line":44,"column":66}}]},"6":{"line":50,"type":"binary-expr","locations":[{"start":{"line":50,"column":21},"end":{"line":50,"column":49}},{"start":{"line":50,"column":53},"end":{"line":50,"column":72}}]},"7":{"line":64,"type":"switch","locations":[{"start":{"line":69,"column":4},"end":{"line":70,"column":14}},{"start":{"line":75,"column":4},"end":{"line":76,"column":14}}]},"8":{"line":85,"type":"switch","locations":[{"start":{"line":90,"column":4},"end":{"line":105,"column":14}},{"start":{"line":111,"column":4},"end":{"line":193,"column":14},"skip":true}]},"9":{"line":91,"type":"binary-expr","locations":[{"start":{"line":91,"column":42},"end":{"line":91,"column":73}},{"start":{"line":91,"column":77},"end":{"line":99,"column":9}}]},"10":{"line":102,"type":"binary-expr","locations":[{"start":{"line":102,"column":18},"end":{"line":102,"column":32}},{"start":{"line":103,"column":12},"end":{"line":103,"column":53}},{"start":{"line":104,"column":12},"end":{"line":104,"column":61}}]},"11":{"line":112,"type":"binary-expr","locations":[{"start":{"line":112,"column":45},"end":{"line":112,"column":79},"skip":true},{"start":{"line":112,"column":83},"end":{"line":121,"column":9},"skip":true}]},"12":{"line":123,"type":"binary-expr","locations":[{"start":{"line":123,"column":42},"end":{"line":123,"column":73},"skip":true},{"start":{"line":123,"column":77},"end":{"line":136,"column":9},"skip":true}]},"13":{"line":138,"type":"binary-expr","locations":[{"start":{"line":138,"column":48},"end":{"line":138,"column":85},"skip":true},{"start":{"line":139,"column":12},"end":{"line":145,"column":13},"skip":true}]},"14":{"line":147,"type":"binary-expr","locations":[{"start":{"line":147,"column":42},"end":{"line":147,"column":73},"skip":true},{"start":{"line":147,"column":77},"end":{"line":156,"column":9},"skip":true}]},"15":{"line":158,"type":"binary-expr","locations":[{"start":{"line":158,"column":45},"end":{"line":158,"column":79},"skip":true},{"start":{"line":158,"column":83},"end":{"line":167,"column":9},"skip":true}]},"16":{"line":169,"type":"binary-expr","locations":[{"start":{"line":169,"column":43},"end":{"line":169,"column":75},"skip":true},{"start":{"line":169,"column":79},"end":{"line":178,"column":9},"skip":true}]},"17":{"line":180,"type":"binary-expr","locations":[{"start":{"line":180,"column":41},"end":{"line":180,"column":71},"skip":true},{"start":{"line":180,"column":75},"end":{"line":189,"column":9},"skip":true}]}},"code":["/* istanbul instrument in package npmtest_pcap */","/*jslint","    bitwise: true,","    browser: true,","    maxerr: 8,","    maxlen: 96,","    node: true,","    nomen: true,","    regexp: true,","    stupid: true","*/","(function () {","    'use strict';","    var local;","","","","    // run shared js-env code - pre-init","    (function () {","        // init local","        local = {};","        // init modeJs","        local.modeJs = (function () {","            try {","                return typeof navigator.userAgent === 'string' &&","                    typeof document.querySelector('body') === 'object' &&","                    typeof XMLHttpRequest.prototype.open === 'function' &&","                    'browser';","            } catch (errorCaughtBrowser) {","                return module.exports &&","                    typeof process.versions.node === 'string' &&","                    typeof require('http').createServer === 'function' &&","                    'node';","            }","        }());","        // init global","        local.global = local.modeJs === 'browser'","            ? window","            : global;","        switch (local.modeJs) {","        // re-init local from window.local","        case 'browser':","            local = local.global.utility2.objectSetDefault(","                local.global.utility2_rollup || local.global.local,","                local.global.utility2","            );","            break;","        // re-init local from example.js","        case 'node':","            local = (local.global.utility2_rollup || require('utility2'))","                .requireExampleJsFromReadme();","            break;","        }","        // export local","        local.global.local = local;","    }());","","","","    // run shared js-env code - function","    (function () {","        return;","    }());","    switch (local.modeJs) {","","","","    // run browser js-env code - function","    case 'browser':","        break;","","","","    // run node js-env code - function","    case 'node':","        break;","    }","","","","    // run shared js-env code - post-init","    (function () {","        return;","    }());","    switch (local.modeJs) {","","","","    // run browser js-env code - post-init","    case 'browser':","        local.testCase_browser_nullCase = local.testCase_browser_nullCase || function (","            options,","            onError","        ) {","        /*","         * this function will test browsers's null-case handling-behavior-behavior","         */","            onError(null, options);","        };","","        // run tests","        local.nop(local.modeTest &&","            document.querySelector('#testRunButton1') &&","            document.querySelector('#testRunButton1').click());","        break;","","","","    // run node js-env code - post-init","    /* istanbul ignore next */","    case 'node':","        local.testCase_buildApidoc_default = local.testCase_buildApidoc_default || function (","            options,","            onError","        ) {","        /*","         * this function will test buildApidoc's default handling-behavior-behavior","         */","            options = { modulePathList: module.paths };","            local.buildApidoc(options, onError);","        };","","        local.testCase_buildApp_default = local.testCase_buildApp_default || function (","            options,","            onError","        ) {","        /*","         * this function will test buildApp's default handling-behavior-behavior","         */","            local.testCase_buildReadme_default(options, local.onErrorThrow);","            local.testCase_buildLib_default(options, local.onErrorThrow);","            local.testCase_buildTest_default(options, local.onErrorThrow);","            local.testCase_buildCustomOrg_default(options, local.onErrorThrow);","            options = [];","            local.buildApp(options, onError);","        };","","        local.testCase_buildCustomOrg_default = local.testCase_buildCustomOrg_default ||","            function (options, onError) {","            /*","             * this function will test buildCustomOrg's default handling-behavior","             */","                options = {};","                local.buildCustomOrg(options, onError);","            };","","        local.testCase_buildLib_default = local.testCase_buildLib_default || function (","            options,","            onError","        ) {","        /*","         * this function will test buildLib's default handling-behavior","         */","            options = {};","            local.buildLib(options, onError);","        };","","        local.testCase_buildReadme_default = local.testCase_buildReadme_default || function (","            options,","            onError","        ) {","        /*","         * this function will test buildReadme's default handling-behavior-behavior","         */","            options = {};","            local.buildReadme(options, onError);","        };","","        local.testCase_buildTest_default = local.testCase_buildTest_default || function (","            options,","            onError","        ) {","        /*","         * this function will test buildTest's default handling-behavior","         */","            options = {};","            local.buildTest(options, onError);","        };","","        local.testCase_webpage_default = local.testCase_webpage_default || function (","            options,","            onError","        ) {","        /*","         * this function will test webpage's default handling-behavior","         */","            options = { modeCoverageMerge: true, url: local.serverLocalHost + '?modeTest=1' };","            local.browserTest(options, onError);","        };","","        // run test-server","        local.testRunServer(local);","        break;","    }","}());",""],"l":{"12":2,"14":2,"19":2,"21":2,"23":2,"24":2,"25":2,"30":1,"37":2,"40":2,"43":1,"47":1,"50":1,"52":1,"55":2,"61":2,"62":2,"64":2,"70":1,"76":1,"82":2,"83":2,"85":2,"91":1,"98":1,"102":1,"105":1,"112":1,"119":1,"120":1,"123":1,"130":1,"131":1,"132":1,"133":1,"134":1,"135":1,"138":1,"143":2,"144":2,"147":1,"154":2,"155":2,"158":1,"165":2,"166":2,"169":1,"176":2,"177":2,"180":1,"187":1,"188":1,"192":1,"193":1}},"/home/travis/build/npmtest/node-npmtest-pcap/lib.npmtest_pcap.js":{"path":"/home/travis/build/npmtest/node-npmtest-pcap/lib.npmtest_pcap.js","s":{"1":2,"2":2,"3":2,"4":2,"5":2,"6":2,"7":2,"8":1,"9":2,"10":2,"11":2,"12":2,"13":1,"14":1,"15":1,"16":1},"b":{"1":[2,1,1,1],"2":[1,1,1,1],"3":[1,1],"4":[2,2],"5":[1,1]},"f":{"1":2,"2":2,"3":2},"fnMap":{"1":{"name":"(anonymous_1)","line":12,"loc":{"start":{"line":12,"column":1},"end":{"line":12,"column":13}}},"2":{"name":"(anonymous_2)","line":19,"loc":{"start":{"line":19,"column":5},"end":{"line":19,"column":17}}},"3":{"name":"(anonymous_3)","line":23,"loc":{"start":{"line":23,"column":24},"end":{"line":23,"column":36}}}},"statementMap":{"1":{"start":{"line":12,"column":0},"end":{"line":53,"column":5}},"2":{"start":{"line":14,"column":4},"end":{"line":14,"column":14}},"3":{"start":{"line":19,"column":4},"end":{"line":52,"column":9}},"4":{"start":{"line":21,"column":8},"end":{"line":21,"column":19}},"5":{"start":{"line":23,"column":8},"end":{"line":35,"column":13}},"6":{"start":{"line":24,"column":12},"end":{"line":34,"column":13}},"7":{"start":{"line":25,"column":16},"end":{"line":28,"column":30}},"8":{"start":{"line":30,"column":16},"end":{"line":33,"column":27}},"9":{"start":{"line":37,"column":8},"end":{"line":39,"column":21}},"10":{"start":{"line":41,"column":8},"end":{"line":41,"column":54}},"11":{"start":{"line":43,"column":8},"end":{"line":43,"column":49}},"12":{"start":{"line":45,"column":8},"end":{"line":51,"column":9}},"13":{"start":{"line":46,"column":12},"end":{"line":46,"column":55}},"14":{"start":{"line":48,"column":12},"end":{"line":48,"column":35}},"15":{"start":{"line":49,"column":12},"end":{"line":49,"column":49}},"16":{"start":{"line":50,"column":12},"end":{"line":50,"column":43}}},"branchMap":{"1":{"line":25,"type":"binary-expr","locations":[{"start":{"line":25,"column":23},"end":{"line":25,"column":62}},{"start":{"line":26,"column":20},"end":{"line":26,"column":70}},{"start":{"line":27,"column":20},"end":{"line":27,"column":71}},{"start":{"line":28,"column":20},"end":{"line":28,"column":29}}]},"2":{"line":30,"type":"binary-expr","locations":[{"start":{"line":30,"column":23},"end":{"line":30,"column":37}},{"start":{"line":31,"column":20},"end":{"line":31,"column":61}},{"start":{"line":32,"column":20},"end":{"line":32,"column":70}},{"start":{"line":33,"column":20},"end":{"line":33,"column":26}}]},"3":{"line":37,"type":"cond-expr","locations":[{"start":{"line":38,"column":14},"end":{"line":38,"column":20}},{"start":{"line":39,"column":14},"end":{"line":39,"column":20}}]},"4":{"line":41,"type":"binary-expr","locations":[{"start":{"line":41,"column":16},"end":{"line":41,"column":44}},{"start":{"line":41,"column":48},"end":{"line":41,"column":53}}]},"5":{"line":45,"type":"if","locations":[{"start":{"line":45,"column":8},"end":{"line":45,"column":8}},{"start":{"line":45,"column":8},"end":{"line":45,"column":8}}]}},"code":["/* istanbul instrument in package npmtest_pcap */","/*jslint","    bitwise: true,","    browser: true,","    maxerr: 8,","    maxlen: 96,","    node: true,","    nomen: true,","    regexp: true,","    stupid: true","*/","(function () {","    'use strict';","    var local;","","","","    // run shared js-env code - pre-init","    (function () {","        // init local","        local = {};","        // init modeJs","        local.modeJs = (function () {","            try {","                return typeof navigator.userAgent === 'string' &&","                    typeof document.querySelector('body') === 'object' &&","                    typeof XMLHttpRequest.prototype.open === 'function' &&","                    'browser';","            } catch (errorCaughtBrowser) {","                return module.exports &&","                    typeof process.versions.node === 'string' &&","                    typeof require('http').createServer === 'function' &&","                    'node';","            }","        }());","        // init global","        local.global = local.modeJs === 'browser'","            ? window","            : global;","        // init utility2_rollup","        local = local.global.utility2_rollup || local;","        // init lib","        local.local = local.npmtest_pcap = local;","        // init exports","        if (local.modeJs === 'browser') {","            local.global.utility2_npmtest_pcap = local;","        } else {","            module.exports = local;","            module.exports.__dirname = __dirname;","            module.exports.module = module;","        }","    }());","}());",""],"l":{"12":2,"14":2,"19":2,"21":2,"23":2,"24":2,"25":2,"30":1,"37":2,"41":2,"43":2,"45":2,"46":1,"48":1,"49":1,"50":1}},"/home/travis/build/npmtest/node-npmtest-pcap/example.js":{"path":"/home/travis/build/npmtest/node-npmtest-pcap/example.js","s":{"1":2,"2":2,"3":2,"4":2,"5":2,"6":2,"7":2,"8":1,"9":2,"10":2,"11":2,"12":2,"13":1,"14":2,"15":2,"16":2,"17":2,"18":2,"19":0,"20":2,"21":1,"22":1,"23":1,"24":1,"25":1,"26":0,"27":0,"28":1,"29":1,"30":2,"31":0,"32":0,"33":0,"34":1,"35":2,"36":2,"37":3,"38":3,"39":3,"40":3,"41":0,"42":3,"43":3,"44":3,"45":1,"46":3,"47":1,"48":1,"49":1,"50":1,"51":1,"52":1,"53":1,"54":1,"55":1,"56":1,"57":0,"58":1,"59":6,"60":6,"61":1,"62":2,"63":0,"64":2,"65":1,"66":1,"67":0,"68":0,"69":0,"70":0,"71":0,"72":0,"73":0,"74":0,"75":0,"76":0,"77":0,"78":0,"79":0,"80":0,"81":0,"82":0,"83":0},"b":{"1":[2,1,1,1],"2":[1,1,1,1],"3":[1,1],"4":[2,2],"5":[1,1],"6":[1,1],"7":[2,0],"8":[2,1,1,1,1,1],"9":[0,2,0],"10":[1,1],"11":[2,1,1],"12":[1,0],"13":[0,2],"14":[2,0,0,0,0,0,0],"15":[0,3],"16":[3,0],"17":[1,1],"18":[0,1],"19":[1,2,0,2],"20":[1,0],"21":[1,1],"22":[0,0],"23":[0,0],"24":[0,0],"25":[0,0],"26":[0,0],"27":[0,0],"28":[0,0]},"f":{"1":2,"2":2,"3":2,"4":2,"5":2,"6":2,"7":3,"8":3,"9":3,"10":1,"11":6,"12":0},"fnMap":{"1":{"name":"(anonymous_1)","line":26,"loc":{"start":{"line":26,"column":1},"end":{"line":26,"column":13}}},"2":{"name":"(anonymous_2)","line":33,"loc":{"start":{"line":33,"column":5},"end":{"line":33,"column":17}}},"3":{"name":"(anonymous_3)","line":37,"loc":{"start":{"line":37,"column":24},"end":{"line":37,"column":36}}},"4":{"name":"(anonymous_4)","line":69,"loc":{"start":{"line":69,"column":31},"end":{"line":69,"column":48}},"skip":true},"5":{"name":"(anonymous_5)","line":78,"loc":{"start":{"line":78,"column":26},"end":{"line":78,"column":45}},"skip":true},"6":{"name":"(anonymous_6)","line":123,"loc":{"start":{"line":123,"column":33},"end":{"line":123,"column":48}},"skip":true},"7":{"name":"(anonymous_7)","line":125,"loc":{"start":{"line":125,"column":27},"end":{"line":125,"column":39}},"skip":true},"8":{"name":"(anonymous_8)","line":133,"loc":{"start":{"line":133,"column":59},"end":{"line":133,"column":74}},"skip":true},"9":{"name":"(anonymous_9)","line":143,"loc":{"start":{"line":143,"column":45},"end":{"line":143,"column":62}},"skip":true},"10":{"name":"(anonymous_10)","line":144,"loc":{"start":{"line":144,"column":73},"end":{"line":144,"column":92}},"skip":true},"11":{"name":"(anonymous_11)","line":272,"loc":{"start":{"line":272,"column":51},"end":{"line":272,"column":77}},"skip":true},"12":{"name":"(anonymous_12)","line":315,"loc":{"start":{"line":315,"column":32},"end":{"line":315,"column":61}},"skip":true}},"statementMap":{"1":{"start":{"line":26,"column":0},"end":{"line":326,"column":5}},"2":{"start":{"line":28,"column":4},"end":{"line":28,"column":14}},"3":{"start":{"line":33,"column":4},"end":{"line":60,"column":9}},"4":{"start":{"line":35,"column":8},"end":{"line":35,"column":19}},"5":{"start":{"line":37,"column":8},"end":{"line":49,"column":13}},"6":{"start":{"line":38,"column":12},"end":{"line":48,"column":13}},"7":{"start":{"line":39,"column":16},"end":{"line":42,"column":30}},"8":{"start":{"line":44,"column":16},"end":{"line":47,"column":27}},"9":{"start":{"line":51,"column":8},"end":{"line":53,"column":21}},"10":{"start":{"line":55,"column":8},"end":{"line":57,"column":45}},"11":{"start":{"line":59,"column":8},"end":{"line":59,"column":35}},"12":{"start":{"line":61,"column":4},"end":{"line":325,"column":5}},"13":{"start":{"line":69,"column":8},"end":{"line":121,"column":10},"skip":true},"14":{"start":{"line":70,"column":12},"end":{"line":88,"column":13},"skip":true},"15":{"start":{"line":76,"column":16},"end":{"line":87,"column":19},"skip":true},"16":{"start":{"line":79,"column":20},"end":{"line":86,"column":21},"skip":true},"17":{"start":{"line":82,"column":24},"end":{"line":82,"column":43},"skip":true},"18":{"start":{"line":83,"column":24},"end":{"line":83,"column":30},"skip":true},"19":{"start":{"line":85,"column":24},"end":{"line":85,"column":49},"skip":true},"20":{"start":{"line":89,"column":12},"end":{"line":107,"column":13},"skip":true},"21":{"start":{"line":92,"column":16},"end":{"line":102,"column":17},"skip":true},"22":{"start":{"line":93,"column":20},"end":{"line":93,"column":86},"skip":true},"23":{"start":{"line":94,"column":20},"end":{"line":95,"column":45},"skip":true},"24":{"start":{"line":96,"column":20},"end":{"line":96,"column":42},"skip":true},"25":{"start":{"line":97,"column":20},"end":{"line":97,"column":48},"skip":true},"26":{"start":{"line":100,"column":20},"end":{"line":100,"column":85},"skip":true},"27":{"start":{"line":101,"column":20},"end":{"line":101,"column":96},"skip":true},"28":{"start":{"line":103,"column":16},"end":{"line":103,"column":22},"skip":true},"29":{"start":{"line":106,"column":16},"end":{"line":106,"column":22},"skip":true},"30":{"start":{"line":108,"column":12},"end":{"line":120,"column":13},"skip":true},"31":{"start":{"line":114,"column":16},"end":{"line":119,"column":17},"skip":true},"32":{"start":{"line":116,"column":20},"end":{"line":116,"column":78},"skip":true},"33":{"start":{"line":118,"column":20},"end":{"line":118,"column":47},"skip":true},"34":{"start":{"line":123,"column":8},"end":{"line":141,"column":11},"skip":true},"35":{"start":{"line":124,"column":12},"end":{"line":124,"column":54},"skip":true},"36":{"start":{"line":125,"column":12},"end":{"line":140,"column":14},"skip":true},"37":{"start":{"line":126,"column":16},"end":{"line":126,"column":28},"skip":true},"38":{"start":{"line":127,"column":16},"end":{"line":127,"column":69},"skip":true},"39":{"start":{"line":128,"column":16},"end":{"line":128,"column":75},"skip":true},"40":{"start":{"line":129,"column":16},"end":{"line":131,"column":17},"skip":true},"41":{"start":{"line":130,"column":20},"end":{"line":130,"column":27},"skip":true},"42":{"start":{"line":133,"column":16},"end":{"line":137,"column":36},"skip":true},"43":{"start":{"line":134,"column":20},"end":{"line":136,"column":55},"skip":true},"44":{"start":{"line":139,"column":16},"end":{"line":139,"column":57},"skip":true},"45":{"start":{"line":143,"column":8},"end":{"line":147,"column":11},"skip":true},"46":{"start":{"line":144,"column":12},"end":{"line":146,"column":15},"skip":true},"47":{"start":{"line":145,"column":16},"end":{"line":145,"column":70},"skip":true},"48":{"start":{"line":149,"column":8},"end":{"line":149,"column":31},"skip":true},"49":{"start":{"line":150,"column":8},"end":{"line":150,"column":14},"skip":true},"50":{"start":{"line":158,"column":8},"end":{"line":158,"column":31},"skip":true},"51":{"start":{"line":160,"column":8},"end":{"line":160,"column":33},"skip":true},"52":{"start":{"line":161,"column":8},"end":{"line":161,"column":37},"skip":true},"53":{"start":{"line":162,"column":8},"end":{"line":162,"column":35},"skip":true},"54":{"start":{"line":164,"column":8},"end":{"line":164,"column":50},"skip":true},"55":{"start":{"line":166,"column":8},"end":{"line":256,"column":2},"skip":true},"56":{"start":{"line":258,"column":8},"end":{"line":286,"column":9},"skip":true},"57":{"start":{"line":259,"column":12},"end":{"line":269,"column":14},"skip":true},"58":{"start":{"line":271,"column":12},"end":{"line":285,"column":19},"skip":true},"59":{"start":{"line":274,"column":20},"end":{"line":274,"column":35},"skip":true},"60":{"start":{"line":275,"column":20},"end":{"line":284,"column":21},"skip":true},"61":{"start":{"line":277,"column":24},"end":{"line":277,"column":64},"skip":true},"62":{"start":{"line":279,"column":24},"end":{"line":279,"column":40},"skip":true},"63":{"start":{"line":281,"column":24},"end":{"line":281,"column":40},"skip":true},"64":{"start":{"line":283,"column":24},"end":{"line":283,"column":39},"skip":true},"65":{"start":{"line":288,"column":8},"end":{"line":290,"column":9},"skip":true},"66":{"start":{"line":289,"column":12},"end":{"line":289,"column":18},"skip":true},"67":{"start":{"line":291,"column":8},"end":{"line":293,"column":54},"skip":true},"68":{"start":{"line":296,"column":8},"end":{"line":301,"column":37},"skip":true},"69":{"start":{"line":303,"column":8},"end":{"line":303,"column":82},"skip":true},"70":{"start":{"line":306,"column":8},"end":{"line":308,"column":9},"skip":true},"71":{"start":{"line":307,"column":12},"end":{"line":307,"column":82},"skip":true},"72":{"start":{"line":310,"column":8},"end":{"line":312,"column":9},"skip":true},"73":{"start":{"line":311,"column":12},"end":{"line":311,"column":18},"skip":true},"74":{"start":{"line":313,"column":8},"end":{"line":313,"column":54},"skip":true},"75":{"start":{"line":314,"column":8},"end":{"line":314,"column":69},"skip":true},"76":{"start":{"line":315,"column":8},"end":{"line":323,"column":36},"skip":true},"77":{"start":{"line":316,"column":12},"end":{"line":316,"column":61},"skip":true},"78":{"start":{"line":317,"column":12},"end":{"line":320,"column":13},"skip":true},"79":{"start":{"line":318,"column":16},"end":{"line":318,"column":75},"skip":true},"80":{"start":{"line":319,"column":16},"end":{"line":319,"column":23},"skip":true},"81":{"start":{"line":321,"column":12},"end":{"line":321,"column":38},"skip":true},"82":{"start":{"line":322,"column":12},"end":{"line":322,"column":27},"skip":true},"83":{"start":{"line":324,"column":8},"end":{"line":324,"column":14},"skip":true}},"branchMap":{"1":{"line":39,"type":"binary-expr","locations":[{"start":{"line":39,"column":23},"end":{"line":39,"column":62}},{"start":{"line":40,"column":20},"end":{"line":40,"column":70}},{"start":{"line":41,"column":20},"end":{"line":41,"column":71}},{"start":{"line":42,"column":20},"end":{"line":42,"column":29}}]},"2":{"line":44,"type":"binary-expr","locations":[{"start":{"line":44,"column":23},"end":{"line":44,"column":37}},{"start":{"line":45,"column":20},"end":{"line":45,"column":61}},{"start":{"line":46,"column":20},"end":{"line":46,"column":70}},{"start":{"line":47,"column":20},"end":{"line":47,"column":26}}]},"3":{"line":51,"type":"cond-expr","locations":[{"start":{"line":52,"column":14},"end":{"line":52,"column":20}},{"start":{"line":53,"column":14},"end":{"line":53,"column":20}}]},"4":{"line":55,"type":"binary-expr","locations":[{"start":{"line":55,"column":16},"end":{"line":55,"column":44}},{"start":{"line":55,"column":49},"end":{"line":57,"column":43}}]},"5":{"line":55,"type":"cond-expr","locations":[{"start":{"line":56,"column":14},"end":{"line":56,"column":48}},{"start":{"line":57,"column":14},"end":{"line":57,"column":43}}]},"6":{"line":61,"type":"switch","locations":[{"start":{"line":68,"column":4},"end":{"line":150,"column":14},"skip":true},{"start":{"line":156,"column":4},"end":{"line":324,"column":14},"skip":true}]},"7":{"line":70,"type":"if","locations":[{"start":{"line":70,"column":12},"end":{"line":70,"column":12},"skip":true},{"start":{"line":70,"column":12},"end":{"line":70,"column":12},"skip":true}]},"8":{"line":70,"type":"binary-expr","locations":[{"start":{"line":70,"column":16},"end":{"line":70,"column":22},"skip":true},{"start":{"line":70,"column":27},"end":{"line":70,"column":32},"skip":true},{"start":{"line":71,"column":20},"end":{"line":71,"column":39},"skip":true},{"start":{"line":72,"column":20},"end":{"line":72,"column":49},"skip":true},{"start":{"line":73,"column":20},"end":{"line":73,"column":58},"skip":true},{"start":{"line":74,"column":20},"end":{"line":74,"column":69},"skip":true}]},"9":{"line":79,"type":"switch","locations":[{"start":{"line":80,"column":20},"end":{"line":80,"column":33},"skip":true},{"start":{"line":81,"column":20},"end":{"line":83,"column":30},"skip":true},{"start":{"line":84,"column":20},"end":{"line":85,"column":49},"skip":true}]},"10":{"line":89,"type":"switch","locations":[{"start":{"line":90,"column":12},"end":{"line":103,"column":22},"skip":true},{"start":{"line":105,"column":12},"end":{"line":106,"column":22},"skip":true}]},"11":{"line":89,"type":"binary-expr","locations":[{"start":{"line":89,"column":20},"end":{"line":89,"column":25},"skip":true},{"start":{"line":89,"column":29},"end":{"line":89,"column":48},"skip":true},{"start":{"line":89,"column":52},"end":{"line":89,"column":74},"skip":true}]},"12":{"line":92,"type":"if","locations":[{"start":{"line":92,"column":16},"end":{"line":92,"column":16},"skip":true},{"start":{"line":92,"column":16},"end":{"line":92,"column":16},"skip":true}]},"13":{"line":108,"type":"if","locations":[{"start":{"line":108,"column":12},"end":{"line":108,"column":12},"skip":true},{"start":{"line":108,"column":12},"end":{"line":108,"column":12},"skip":true}]},"14":{"line":108,"type":"binary-expr","locations":[{"start":{"line":108,"column":16},"end":{"line":108,"column":61},"skip":true},{"start":{"line":108,"column":66},"end":{"line":108,"column":72},"skip":true},{"start":{"line":108,"column":77},"end":{"line":108,"column":82},"skip":true},{"start":{"line":109,"column":20},"end":{"line":109,"column":39},"skip":true},{"start":{"line":110,"column":20},"end":{"line":110,"column":49},"skip":true},{"start":{"line":111,"column":20},"end":{"line":111,"column":58},"skip":true},{"start":{"line":112,"column":20},"end":{"line":112,"column":68},"skip":true}]},"15":{"line":129,"type":"if","locations":[{"start":{"line":129,"column":16},"end":{"line":129,"column":16},"skip":true},{"start":{"line":129,"column":16},"end":{"line":129,"column":16},"skip":true}]},"16":{"line":134,"type":"cond-expr","locations":[{"start":{"line":135,"column":26},"end":{"line":135,"column":29},"skip":true},{"start":{"line":136,"column":26},"end":{"line":136,"column":54},"skip":true}]},"17":{"line":164,"type":"binary-expr","locations":[{"start":{"line":164,"column":27},"end":{"line":164,"column":43},"skip":true},{"start":{"line":164,"column":47},"end":{"line":164,"column":49},"skip":true}]},"18":{"line":258,"type":"if","locations":[{"start":{"line":258,"column":8},"end":{"line":258,"column":8},"skip":true},{"start":{"line":258,"column":8},"end":{"line":258,"column":8},"skip":true}]},"19":{"line":275,"type":"switch","locations":[{"start":{"line":276,"column":20},"end":{"line":277,"column":64},"skip":true},{"start":{"line":278,"column":20},"end":{"line":279,"column":40},"skip":true},{"start":{"line":280,"column":20},"end":{"line":281,"column":40},"skip":true},{"start":{"line":282,"column":20},"end":{"line":283,"column":39},"skip":true}]},"20":{"line":288,"type":"if","locations":[{"start":{"line":288,"column":8},"end":{"line":288,"column":8},"skip":true},{"start":{"line":288,"column":8},"end":{"line":288,"column":8},"skip":true}]},"21":{"line":288,"type":"binary-expr","locations":[{"start":{"line":288,"column":12},"end":{"line":288,"column":40},"skip":true},{"start":{"line":288,"column":44},"end":{"line":288,"column":67},"skip":true}]},"22":{"line":292,"type":"binary-expr","locations":[{"start":{"line":292,"column":12},"end":{"line":292,"column":50},"skip":true},{"start":{"line":293,"column":12},"end":{"line":293,"column":53},"skip":true}]},"23":{"line":297,"type":"binary-expr","locations":[{"start":{"line":297,"column":12},"end":{"line":297,"column":62},"skip":true},{"start":{"line":298,"column":12},"end":{"line":301,"column":36},"skip":true}]},"24":{"line":303,"type":"binary-expr","locations":[{"start":{"line":303,"column":43},"end":{"line":303,"column":75},"skip":true},{"start":{"line":303,"column":79},"end":{"line":303,"column":81},"skip":true}]},"25":{"line":306,"type":"if","locations":[{"start":{"line":306,"column":8},"end":{"line":306,"column":8},"skip":true},{"start":{"line":306,"column":8},"end":{"line":306,"column":8},"skip":true}]},"26":{"line":310,"type":"if","locations":[{"start":{"line":310,"column":8},"end":{"line":310,"column":8},"skip":true},{"start":{"line":310,"column":8},"end":{"line":310,"column":8},"skip":true}]},"27":{"line":313,"type":"binary-expr","locations":[{"start":{"line":313,"column":27},"end":{"line":313,"column":43},"skip":true},{"start":{"line":313,"column":47},"end":{"line":313,"column":53},"skip":true}]},"28":{"line":317,"type":"if","locations":[{"start":{"line":317,"column":12},"end":{"line":317,"column":12},"skip":true},{"start":{"line":317,"column":12},"end":{"line":317,"column":12},"skip":true}]}},"code":["/*","example.js","","quickstart example","","instruction","    1. save this script as example.js","    2. run the shell command:","        $ npm install npmtest-pcap && PORT=8081 node example.js","    3. play with the browser-demo on http://127.0.0.1:8081","*/","","","","/* istanbul instrument in package npmtest_pcap */","/*jslint","    bitwise: true,","    browser: true,","    maxerr: 8,","    maxlen: 96,","    node: true,","    nomen: true,","    regexp: true,","    stupid: true","*/","(function () {","    'use strict';","    var local;","","","","    // run shared js-env code - pre-init","    (function () {","        // init local","        local = {};","        // init modeJs","        local.modeJs = (function () {","            try {","                return typeof navigator.userAgent === 'string' &&","                    typeof document.querySelector('body') === 'object' &&","                    typeof XMLHttpRequest.prototype.open === 'function' &&","                    'browser';","            } catch (errorCaughtBrowser) {","                return module.exports &&","                    typeof process.versions.node === 'string' &&","                    typeof require('http').createServer === 'function' &&","                    'node';","            }","        }());","        // init global","        local.global = local.modeJs === 'browser'","            ? window","            : global;","        // init utility2_rollup","        local = local.global.utility2_rollup || (local.modeJs === 'browser'","            ? local.global.utility2_npmtest_pcap","            : global.utility2_moduleExports);","        // export local","        local.global.local = local;","    }());","    switch (local.modeJs) {","","","","    // post-init","    // run browser js-env code - post-init","    /* istanbul ignore next */","    case 'browser':","        local.testRunBrowser = function (event) {","            if (!event || (event &&","                    event.currentTarget &&","                    event.currentTarget.className &&","                    event.currentTarget.className.includes &&","                    event.currentTarget.className.includes('onreset'))) {","                // reset output","                Array.from(","                    document.querySelectorAll('body > .resettable')","                ).forEach(function (element) {","                    switch (element.tagName) {","                    case 'INPUT':","                    case 'TEXTAREA':","                        element.value = '';","                        break;","                    default:","                        element.textContent = '';","                    }","                });","            }","            switch (event && event.currentTarget && event.currentTarget.id) {","            case 'testRunButton1':","                // show tests","                if (document.querySelector('#testReportDiv1').style.display === 'none') {","                    document.querySelector('#testReportDiv1').style.display = 'block';","                    document.querySelector('#testRunButton1').textContent =","                        'hide internal test';","                    local.modeTest = true;","                    local.testRunDefault(local);","                // hide tests","                } else {","                    document.querySelector('#testReportDiv1').style.display = 'none';","                    document.querySelector('#testRunButton1').textContent = 'run internal test';","                }","                break;","            // custom-case","            default:","                break;","            }","            if (document.querySelector('#inputTextareaEval1') && (!event || (event &&","                    event.currentTarget &&","                    event.currentTarget.className &&","                    event.currentTarget.className.includes &&","                    event.currentTarget.className.includes('oneval')))) {","                // try to eval input-code","                try {","                    /*jslint evil: true*/","                    eval(document.querySelector('#inputTextareaEval1').value);","                } catch (errorCaught) {","                    console.error(errorCaught);","                }","            }","        };","        // log stderr and stdout to #outputTextareaStdout1","        ['error', 'log'].forEach(function (key) {","            console[key + '_original'] = console[key];","            console[key] = function () {","                var element;","                console[key + '_original'].apply(console, arguments);","                element = document.querySelector('#outputTextareaStdout1');","                if (!element) {","                    return;","                }","                // append text to #outputTextareaStdout1","                element.value += Array.from(arguments).map(function (arg) {","                    return typeof arg === 'string'","                        ? arg","                        : JSON.stringify(arg, null, 4);","                }).join(' ') + '\\n';","                // scroll textarea to bottom","                element.scrollTop = element.scrollHeight;","            };","        });","        // init event-handling","        ['change', 'click', 'keyup'].forEach(function (event) {","            Array.from(document.querySelectorAll('.on' + event)).forEach(function (element) {","                element.addEventListener(event, local.testRunBrowser);","            });","        });","        // run tests","        local.testRunBrowser();","        break;","","","","    // run node js-env code - post-init","    /* istanbul ignore next */","    case 'node':","        // export local","        module.exports = local;","        // require modules","        local.fs = require('fs');","        local.http = require('http');","        local.url = require('url');","        // init assets","        local.assetsDict = local.assetsDict || {};","        /* jslint-ignore-begin */","        local.assetsDict['/assets.index.template.html'] = '\\","<!doctype html>\\n\\","<html lang=\"en\">\\n\\","<head>\\n\\","<meta charset=\"UTF-8\">\\n\\","<meta name=\"viewport\" content=\"width=device-width, initial-scale=1\">\\n\\","<title>{{env.npm_package_name}} (v{{env.npm_package_version}})</title>\\n\\","<style>\\n\\","/*csslint\\n\\","    box-sizing: false,\\n\\","    universal-selector: false\\n\\","*/\\n\\","* {\\n\\","    box-sizing: border-box;\\n\\","}\\n\\","body {\\n\\","    background: #dde;\\n\\","    font-family: Arial, Helvetica, sans-serif;\\n\\","    margin: 2rem;\\n\\","}\\n\\","body > * {\\n\\","    margin-bottom: 1rem;\\n\\","}\\n\\",".utility2FooterDiv {\\n\\","    margin-top: 20px;\\n\\","    text-align: center;\\n\\","}\\n\\","</style>\\n\\","<style>\\n\\","/*csslint\\n\\","*/\\n\\","textarea {\\n\\","    font-family: monospace;\\n\\","    height: 10rem;\\n\\","    width: 100%;\\n\\","}\\n\\","textarea[readonly] {\\n\\","    background: #ddd;\\n\\","}\\n\\","</style>\\n\\","</head>\\n\\","<body>\\n\\","<!-- utility2-comment\\n\\","<div id=\"ajaxProgressDiv1\" style=\"background: #d00; height: 2px; left: 0; margin: 0; padding: 0; position: fixed; top: 0; transition: background 0.5s, width 1.5s; width: 25%;\"></div>\\n\\","utility2-comment -->\\n\\","<h1>\\n\\","<!-- utility2-comment\\n\\","    <a\\n\\","        {{#if env.npm_package_homepage}}\\n\\","        href=\"{{env.npm_package_homepage}}\"\\n\\","        {{/if env.npm_package_homepage}}\\n\\","        target=\"_blank\"\\n\\","    >\\n\\","utility2-comment -->\\n\\","        {{env.npm_package_name}} (v{{env.npm_package_version}})\\n\\","<!-- utility2-comment\\n\\","    </a>\\n\\","utility2-comment -->\\n\\","</h1>\\n\\","<h3>{{env.npm_package_description}}</h3>\\n\\","<!-- utility2-comment\\n\\","<h4><a download href=\"assets.app.js\">download standalone app</a></h4>\\n\\","<button class=\"onclick onreset\" id=\"testRunButton1\">run internal test</button><br>\\n\\","<div id=\"testReportDiv1\" style=\"display: none;\"></div>\\n\\","utility2-comment -->\\n\\","\\n\\","\\n\\","\\n\\","<label>stderr and stdout</label>\\n\\","<textarea class=\"resettable\" id=\"outputTextareaStdout1\" readonly></textarea>\\n\\","<!-- utility2-comment\\n\\","{{#if isRollup}}\\n\\","<script src=\"assets.app.js\"></script>\\n\\","{{#unless isRollup}}\\n\\","utility2-comment -->\\n\\","<script src=\"assets.utility2.rollup.js\"></script>\\n\\","<script src=\"jsonp.utility2._stateInit?callback=window.utility2._stateInit\"></script>\\n\\","<script src=\"assets.npmtest_pcap.rollup.js\"></script>\\n\\","<script src=\"assets.example.js\"></script>\\n\\","<script src=\"assets.test.js\"></script>\\n\\","<!-- utility2-comment\\n\\","{{/if isRollup}}\\n\\","utility2-comment -->\\n\\","<div class=\"utility2FooterDiv\">\\n\\","    [ this app was created with\\n\\","    <a href=\"https://github.com/kaizhu256/node-utility2\" target=\"_blank\">utility2</a>\\n\\","    ]\\n\\","</div>\\n\\","</body>\\n\\","</html>\\n\\","';","        /* jslint-ignore-end */","        if (local.templateRender) {","            local.assetsDict['/'] = local.templateRender(","                local.assetsDict['/assets.index.template.html'],","                {","                    env: local.objectSetDefault(local.env, {","                        npm_package_description: 'the greatest app in the world!',","                        npm_package_name: 'my-app',","                        npm_package_nameAlias: 'my_app',","                        npm_package_version: '0.0.1'","                    })","                }","            );","        } else {","            local.assetsDict['/'] = local.assetsDict['/assets.index.template.html']","                .replace((/\\{\\{env\\.(\\w+?)\\}\\}/g), function (match0, match1) {","                    // jslint-hack","                    String(match0);","                    switch (match1) {","                    case 'npm_package_description':","                        return 'the greatest app in the world!';","                    case 'npm_package_name':","                        return 'my-app';","                    case 'npm_package_nameAlias':","                        return 'my_app';","                    case 'npm_package_version':","                        return '0.0.1';","                    }","                });","        }","        // run the cli","        if (local.global.utility2_rollup || module !== require.main) {","            break;","        }","        local.assetsDict['/assets.example.js'] =","            local.assetsDict['/assets.example.js'] ||","            local.fs.readFileSync(__filename, 'utf8');","        // bug-workaround - long $npm_package_buildCustomOrg","        /* jslint-ignore-begin */","        local.assetsDict['/assets.npmtest_pcap.rollup.js'] =","            local.assetsDict['/assets.npmtest_pcap.rollup.js'] ||","            local.fs.readFileSync(","                local.npmtest_pcap.__dirname + '/lib.npmtest_pcap.js',","                'utf8'","            ).replace((/^#!/), '//');","        /* jslint-ignore-end */","        local.assetsDict['/favicon.ico'] = local.assetsDict['/favicon.ico'] || '';","        // if $npm_config_timeout_exit exists,","        // then exit this process after $npm_config_timeout_exit ms","        if (Number(process.env.npm_config_timeout_exit)) {","            setTimeout(process.exit, Number(process.env.npm_config_timeout_exit));","        }","        // start server","        if (local.global.utility2_serverHttp1) {","            break;","        }","        process.env.PORT = process.env.PORT || '8081';","        console.error('server starting on port ' + process.env.PORT);","        local.http.createServer(function (request, response) {","            request.urlParsed = local.url.parse(request.url);","            if (local.assetsDict[request.urlParsed.pathname] !== undefined) {","                response.end(local.assetsDict[request.urlParsed.pathname]);","                return;","            }","            response.statusCode = 404;","            response.end();","        }).listen(process.env.PORT);","        break;","    }","}());",""],"l":{"26":2,"28":2,"33":2,"35":2,"37":2,"38":2,"39":2,"44":1,"51":2,"55":2,"59":2,"61":2,"69":1,"70":2,"76":2,"79":2,"82":2,"83":2,"85":1,"89":2,"92":1,"93":1,"94":1,"96":1,"97":1,"100":1,"101":1,"103":1,"106":1,"108":2,"114":1,"116":1,"118":1,"123":1,"124":2,"125":2,"126":3,"127":3,"128":3,"129":3,"130":1,"133":3,"134":3,"139":3,"143":1,"144":3,"145":1,"149":1,"150":1,"158":1,"160":1,"161":1,"162":1,"164":1,"166":1,"258":1,"259":1,"271":1,"274":6,"275":6,"277":1,"279":2,"281":1,"283":2,"288":1,"289":1,"291":1,"296":1,"303":1,"306":1,"307":1,"310":1,"311":1,"313":1,"314":1,"315":1,"316":1,"317":1,"318":1,"319":1,"321":1,"322":1,"324":1}},"/home/travis/build/npmtest/node-npmtest-pcap/node_modules/pcap/pcap.js":{"path":"/home/travis/build/npmtest/node-npmtest-pcap/node_modules/pcap/pcap.js","s":{"1":4,"2":4,"3":4,"4":0,"5":0,"6":0,"7":0,"8":0,"9":0,"10":0,"11":0,"12":1,"13":0,"14":0,"15":0,"16":0,"17":0,"18":0,"19":0,"20":0,"21":0,"22":0,"23":0,"24":0,"25":0,"26":0,"27":0,"28":0,"29":0,"30":0,"31":0,"32":1,"33":0,"34":0,"35":0,"36":0,"37":0,"38":0,"39":0,"40":0,"41":0,"42":0,"43":0,"44":0,"45":0,"46":0,"47":0,"48":0,"49":0,"50":0,"51":0,"52":0,"53":0,"54":0,"55":0,"56":0,"57":0,"58":0,"59":0,"60":1,"61":0,"62":0,"63":0,"64":0,"65":0,"66":0,"67":0,"68":0,"69":0,"70":0,"71":0,"72":0,"73":0,"74":0,"75":0,"76":0,"77":0,"78":0,"79":0,"80":0},"b":{"1":[0,0],"2":[0,0],"3":[0,0],"4":[0,0],"5":[0,0],"6":[0,0],"7":[0,0],"8":[0,0],"9":[0,0]},"f":{"1":0,"2":0,"3":0,"4":0,"5":0,"6":0,"7":0,"8":0,"9":0,"10":0,"11":0,"12":0},"fnMap":{"1":{"name":"PcapSession","line":14,"loc":{"start":{"line":14,"column":0},"end":{"line":14,"column":85}}},"2":{"name":"packet_ready","line":42,"loc":{"start":{"line":42,"column":4},"end":{"line":42,"column":28}}},"3":{"name":"pcap_read_callback","line":62,"loc":{"start":{"line":62,"column":36},"end":{"line":62,"column":66}}},"4":{"name":"(anonymous_4)","line":71,"loc":{"start":{"line":71,"column":21},"end":{"line":71,"column":32}}},"5":{"name":"(anonymous_5)","line":86,"loc":{"start":{"line":86,"column":36},"end":{"line":86,"column":48}}},"6":{"name":"PacketWithHeader","line":90,"loc":{"start":{"line":90,"column":0},"end":{"line":90,"column":50}}},"7":{"name":"(anonymous_7)","line":96,"loc":{"start":{"line":96,"column":40},"end":{"line":96,"column":52}}},"8":{"name":"(anonymous_8)","line":101,"loc":{"start":{"line":101,"column":30},"end":{"line":101,"column":42}}},"9":{"name":"(anonymous_9)","line":108,"loc":{"start":{"line":108,"column":30},"end":{"line":108,"column":42}}},"10":{"name":"(anonymous_10)","line":112,"loc":{"start":{"line":112,"column":31},"end":{"line":112,"column":47}}},"11":{"name":"(anonymous_11)","line":119,"loc":{"start":{"line":119,"column":24},"end":{"line":119,"column":72}}},"12":{"name":"(anonymous_12)","line":123,"loc":{"start":{"line":123,"column":31},"end":{"line":123,"column":55}}}},"statementMap":{"1":{"start":{"line":1,"column":0},"end":{"line":1,"column":36}},"2":{"start":{"line":2,"column":0},"end":{"line":2,"column":38}},"3":{"start":{"line":3,"column":0},"end":{"line":3,"column":60}},"4":{"start":{"line":4,"column":0},"end":{"line":4,"column":59}},"5":{"start":{"line":5,"column":0},"end":{"line":5,"column":47}},"6":{"start":{"line":6,"column":0},"end":{"line":6,"column":45}},"7":{"start":{"line":7,"column":0},"end":{"line":7,"column":43}},"8":{"start":{"line":9,"column":0},"end":{"line":9,"column":24}},"9":{"start":{"line":10,"column":0},"end":{"line":10,"column":44}},"10":{"start":{"line":11,"column":0},"end":{"line":11,"column":44}},"11":{"start":{"line":12,"column":0},"end":{"line":12,"column":28}},"12":{"start":{"line":14,"column":0},"end":{"line":81,"column":1}},"13":{"start":{"line":15,"column":4},"end":{"line":15,"column":27}},"14":{"start":{"line":16,"column":4},"end":{"line":16,"column":35}},"15":{"start":{"line":17,"column":4},"end":{"line":17,"column":31}},"16":{"start":{"line":18,"column":4},"end":{"line":18,"column":35}},"17":{"start":{"line":19,"column":4},"end":{"line":19,"column":33}},"18":{"start":{"line":20,"column":4},"end":{"line":20,"column":42}},"19":{"start":{"line":22,"column":4},"end":{"line":22,"column":26}},"20":{"start":{"line":23,"column":4},"end":{"line":23,"column":19}},"21":{"start":{"line":24,"column":4},"end":{"line":24,"column":23}},"22":{"start":{"line":25,"column":4},"end":{"line":25,"column":20}},"23":{"start":{"line":26,"column":4},"end":{"line":26,"column":23}},"24":{"start":{"line":27,"column":4},"end":{"line":27,"column":29}},"25":{"start":{"line":28,"column":4},"end":{"line":28,"column":25}},"26":{"start":{"line":29,"column":4},"end":{"line":29,"column":29}},"27":{"start":{"line":31,"column":4},"end":{"line":31,"column":45}},"28":{"start":{"line":33,"column":4},"end":{"line":37,"column":5}},"29":{"start":{"line":34,"column":8},"end":{"line":34,"column":56}},"30":{"start":{"line":36,"column":8},"end":{"line":36,"column":44}},"31":{"start":{"line":39,"column":4},"end":{"line":39,"column":20}},"32":{"start":{"line":42,"column":4},"end":{"line":44,"column":5}},"33":{"start":{"line":43,"column":8},"end":{"line":43,"column":31}},"34":{"start":{"line":46,"column":4},"end":{"line":51,"column":5}},"35":{"start":{"line":47,"column":8},"end":{"line":47,"column":72}},"36":{"start":{"line":48,"column":8},"end":{"line":48,"column":142}},"37":{"start":{"line":50,"column":8},"end":{"line":50,"column":145}},"38":{"start":{"line":53,"column":4},"end":{"line":53,"column":36}},"39":{"start":{"line":54,"column":4},"end":{"line":54,"column":23}},"40":{"start":{"line":55,"column":4},"end":{"line":55,"column":53}},"41":{"start":{"line":56,"column":4},"end":{"line":56,"column":33}},"42":{"start":{"line":58,"column":4},"end":{"line":78,"column":5}},"43":{"start":{"line":59,"column":8},"end":{"line":59,"column":47}},"44":{"start":{"line":62,"column":8},"end":{"line":67,"column":10}},"45":{"start":{"line":63,"column":12},"end":{"line":63,"column":76}},"46":{"start":{"line":64,"column":12},"end":{"line":66,"column":13}},"47":{"start":{"line":65,"column":16},"end":{"line":65,"column":38}},"48":{"start":{"line":68,"column":8},"end":{"line":68,"column":51}},"49":{"start":{"line":69,"column":8},"end":{"line":69,"column":33}},"50":{"start":{"line":71,"column":8},"end":{"line":77,"column":11}},"51":{"start":{"line":72,"column":12},"end":{"line":72,"column":28}},"52":{"start":{"line":73,"column":12},"end":{"line":75,"column":36}},"53":{"start":{"line":74,"column":16},"end":{"line":74,"column":71}},"54":{"start":{"line":76,"column":12},"end":{"line":76,"column":34}},"55":{"start":{"line":80,"column":4},"end":{"line":80,"column":35}},"56":{"start":{"line":82,"column":0},"end":{"line":82,"column":48}},"57":{"start":{"line":84,"column":0},"end":{"line":84,"column":44}},"58":{"start":{"line":86,"column":0},"end":{"line":88,"column":2}},"59":{"start":{"line":87,"column":4},"end":{"line":87,"column":33}},"60":{"start":{"line":90,"column":0},"end":{"line":94,"column":1}},"61":{"start":{"line":91,"column":4},"end":{"line":91,"column":19}},"62":{"start":{"line":92,"column":4},"end":{"line":92,"column":25}},"63":{"start":{"line":93,"column":4},"end":{"line":93,"column":31}},"64":{"start":{"line":96,"column":0},"end":{"line":99,"column":2}},"65":{"start":{"line":97,"column":4},"end":{"line":97,"column":82}},"66":{"start":{"line":98,"column":4},"end":{"line":98,"column":37}},"67":{"start":{"line":101,"column":0},"end":{"line":106,"column":2}},"68":{"start":{"line":102,"column":4},"end":{"line":102,"column":24}},"69":{"start":{"line":103,"column":4},"end":{"line":103,"column":25}},"70":{"start":{"line":104,"column":4},"end":{"line":104,"column":28}},"71":{"start":{"line":108,"column":0},"end":{"line":110,"column":2}},"72":{"start":{"line":109,"column":4},"end":{"line":109,"column":32}},"73":{"start":{"line":112,"column":0},"end":{"line":114,"column":2}},"74":{"start":{"line":113,"column":4},"end":{"line":113,"column":37}},"75":{"start":{"line":116,"column":0},"end":{"line":116,"column":27}},"76":{"start":{"line":117,"column":0},"end":{"line":117,"column":34}},"77":{"start":{"line":119,"column":0},"end":{"line":121,"column":2}},"78":{"start":{"line":120,"column":4},"end":{"line":120,"column":77}},"79":{"start":{"line":123,"column":0},"end":{"line":125,"column":2}},"80":{"start":{"line":124,"column":4},"end":{"line":124,"column":63}}},"branchMap":{"1":{"line":17,"type":"binary-expr","locations":[{"start":{"line":17,"column":18},"end":{"line":17,"column":24}},{"start":{"line":17,"column":28},"end":{"line":17,"column":30}}]},"2":{"line":19,"type":"binary-expr","locations":[{"start":{"line":19,"column":19},"end":{"line":19,"column":26}},{"start":{"line":19,"column":30},"end":{"line":19,"column":32}}]},"3":{"line":33,"type":"if","locations":[{"start":{"line":33,"column":4},"end":{"line":33,"column":4}},{"start":{"line":33,"column":4},"end":{"line":33,"column":4}}]},"4":{"line":33,"type":"binary-expr","locations":[{"start":{"line":33,"column":8},"end":{"line":33,"column":44}},{"start":{"line":33,"column":48},"end":{"line":33,"column":72}}]},"5":{"line":46,"type":"if","locations":[{"start":{"line":46,"column":4},"end":{"line":46,"column":4}},{"start":{"line":46,"column":4},"end":{"line":46,"column":4}}]},"6":{"line":47,"type":"binary-expr","locations":[{"start":{"line":47,"column":27},"end":{"line":47,"column":43}},{"start":{"line":47,"column":47},"end":{"line":47,"column":71}}]},"7":{"line":55,"type":"binary-expr","locations":[{"start":{"line":55,"column":26},"end":{"line":55,"column":42}},{"start":{"line":55,"column":46},"end":{"line":55,"column":51}}]},"8":{"line":58,"type":"if","locations":[{"start":{"line":58,"column":4},"end":{"line":58,"column":4}},{"start":{"line":58,"column":4},"end":{"line":58,"column":4}}]},"9":{"line":64,"type":"if","locations":[{"start":{"line":64,"column":12},"end":{"line":64,"column":12}},{"start":{"line":64,"column":12},"end":{"line":64,"column":12}}]}},"code":["var util          = require(\"util\");","var events        = require(\"events\");","var binding       = require(\"./build/Release/pcap_binding\");","var SocketWatcher = require(\"socketwatcher\").SocketWatcher;","var decode        = require(\"./decode\").decode;","var tcp_tracker   = require(\"./tcp_tracker\");","var DNSCache      = require(\"./dns_cache\");","","exports.decode = decode;","exports.TCPTracker = tcp_tracker.TCPTracker;","exports.TCPSession = tcp_tracker.TCPSession;","exports.DNSCache = DNSCache;","","function PcapSession(is_live, device_name, filter, buffer_size, outfile, is_monitor) {","    this.is_live = is_live;","    this.device_name = device_name;","    this.filter = filter || \"\";","    this.buffer_size = buffer_size;","    this.outfile = outfile || \"\";","    this.is_monitor = Boolean(is_monitor);","","    this.link_type = null;","    this.fd = null;","    this.opened = null;","    this.buf = null;","    this.header = null;","    this.read_watcher = null;","    this.empty_reads = 0;","    this.packets_read = null;","","    this.session = new binding.PcapSession();","","    if (typeof this.buffer_size === \"number\" && !isNaN(this.buffer_size)) {","        this.buffer_size = Math.round(this.buffer_size);","    } else {","        this.buffer_size = 10 * 1024 * 1024; // Default buffer size is 10MB","    }","","    var self = this;","","    // called for each packet read by pcap","    function packet_ready() {","        self.on_packet_ready();","    }","","    if (this.is_live) {","        this.device_name = this.device_name || binding.default_device();","        this.link_type = this.session.open_live(this.device_name, this.filter, this.buffer_size, this.outfile, packet_ready, this.is_monitor);","    } else {","        this.link_type = this.session.open_offline(this.device_name, this.filter, this.buffer_size, this.outfile, packet_ready, this.is_monitor);","    }","","    this.fd = this.session.fileno();","    this.opened = true;","    this.buf = new Buffer(this.buffer_size || 65535);","    this.header = new Buffer(16);","","    if (is_live) {","        this.readWatcher = new SocketWatcher();","","        // readWatcher gets a callback when pcap has data to read. multiple packets may be readable.","        this.readWatcher.callback = function pcap_read_callback() {","            var packets_read = self.session.dispatch(self.buf, self.header);","            if (packets_read < 1) {","                this.empty_reads += 1;","            }","        };","        this.readWatcher.set(this.fd, true, false);","        this.readWatcher.start();","    } else {","        setImmediate(function() {","            var packets = 0;","            do {","                packets = self.session.dispatch(self.buf, self.header);","            } while ( packets > 0 );","            self.emit(\"complete\");","        });","    }","","    events.EventEmitter.call(this);","}","util.inherits(PcapSession, events.EventEmitter);","","exports.lib_version = binding.lib_version();","","PcapSession.prototype.findalldevs = function () {","    return binding.findalldevs();","};","","function PacketWithHeader(buf, header, link_type) {","    this.buf = buf;","    this.header = header;","    this.link_type = link_type;","}","","PcapSession.prototype.on_packet_ready = function () {","    var full_packet = new PacketWithHeader(this.buf, this.header, this.link_type);","    this.emit(\"packet\", full_packet);","};","","PcapSession.prototype.close = function () {","    this.opened = false;","    this.session.close();","    this.readWatcher.stop();","    // TODO - remove listeners so program will exit I guess?","};","","PcapSession.prototype.stats = function () {","    return this.session.stats();","};","","PcapSession.prototype.inject = function (data) {","    return this.session.inject(data);","};","","exports.Pcap = PcapSession;","exports.PcapSession = PcapSession;","","exports.createSession = function (device, filter, buffer_size, monitor) {","    return new PcapSession(true, device, filter, buffer_size, null, monitor);","};","","exports.createOfflineSession = function (path, filter) {","    return new PcapSession(false, path, filter, 0, null, null);","};","",""],"l":{"1":4,"2":4,"3":4,"4":0,"5":0,"6":0,"7":0,"9":0,"10":0,"11":0,"12":0,"14":1,"15":0,"16":0,"17":0,"18":0,"19":0,"20":0,"22":0,"23":0,"24":0,"25":0,"26":0,"27":0,"28":0,"29":0,"31":0,"33":0,"34":0,"36":0,"39":0,"42":1,"43":0,"46":0,"47":0,"48":0,"50":0,"53":0,"54":0,"55":0,"56":0,"58":0,"59":0,"62":0,"63":0,"64":0,"65":0,"68":0,"69":0,"71":0,"72":0,"73":0,"74":0,"76":0,"80":0,"82":0,"84":0,"86":0,"87":0,"90":1,"91":0,"92":0,"93":0,"96":0,"97":0,"98":0,"101":0,"102":0,"103":0,"104":0,"108":0,"109":0,"112":0,"113":0,"116":0,"117":0,"119":0,"120":0,"123":0,"124":0}},"/home/travis/build/npmtest/node-npmtest-pcap/node_modules/pcap/dns_cache.js":{"path":"/home/travis/build/npmtest/node-npmtest-pcap/node_modules/pcap/dns_cache.js","s":{"1":1,"2":1,"3":0,"4":0,"5":1,"6":0,"7":0,"8":0,"9":0,"10":0,"11":0,"12":0,"13":0,"14":1,"15":0,"16":0,"17":0,"18":1},"b":{"1":[0,0],"2":[0,0],"3":[0,0]},"f":{"1":0,"2":0,"3":0,"4":0},"fnMap":{"1":{"name":"DNSCache","line":5,"loc":{"start":{"line":5,"column":0},"end":{"line":5,"column":20}}},"2":{"name":"(anonymous_2)","line":10,"loc":{"start":{"line":10,"column":25},"end":{"line":10,"column":39}}},"3":{"name":"(anonymous_3)","line":18,"loc":{"start":{"line":18,"column":24},"end":{"line":18,"column":48}}},"4":{"name":"(anonymous_4)","line":26,"loc":{"start":{"line":26,"column":28},"end":{"line":26,"column":56}}}},"statementMap":{"1":{"start":{"line":1,"column":0},"end":{"line":1,"column":25}},"2":{"start":{"line":5,"column":0},"end":{"line":8,"column":1}},"3":{"start":{"line":6,"column":4},"end":{"line":6,"column":20}},"4":{"start":{"line":7,"column":4},"end":{"line":7,"column":23}},"5":{"start":{"line":10,"column":0},"end":{"line":24,"column":2}},"6":{"start":{"line":11,"column":4},"end":{"line":13,"column":5}},"7":{"start":{"line":12,"column":8},"end":{"line":12,"column":30}},"8":{"start":{"line":15,"column":4},"end":{"line":21,"column":5}},"9":{"start":{"line":16,"column":8},"end":{"line":16,"column":33}},"10":{"start":{"line":17,"column":8},"end":{"line":17,"column":24}},"11":{"start":{"line":18,"column":8},"end":{"line":20,"column":11}},"12":{"start":{"line":19,"column":12},"end":{"line":19,"column":42}},"13":{"start":{"line":23,"column":4},"end":{"line":23,"column":14}},"14":{"start":{"line":26,"column":0},"end":{"line":33,"column":2}},"15":{"start":{"line":28,"column":4},"end":{"line":32,"column":5}},"16":{"start":{"line":29,"column":8},"end":{"line":29,"column":28}},"17":{"start":{"line":31,"column":8},"end":{"line":31,"column":36}},"18":{"start":{"line":35,"column":0},"end":{"line":35,"column":26}}},"branchMap":{"1":{"line":11,"type":"if","locations":[{"start":{"line":11,"column":4},"end":{"line":11,"column":4}},{"start":{"line":11,"column":4},"end":{"line":11,"column":4}}]},"2":{"line":15,"type":"if","locations":[{"start":{"line":15,"column":4},"end":{"line":15,"column":4}},{"start":{"line":15,"column":4},"end":{"line":15,"column":4}}]},"3":{"line":28,"type":"if","locations":[{"start":{"line":28,"column":4},"end":{"line":28,"column":4}},{"start":{"line":28,"column":4},"end":{"line":28,"column":4}}]}},"code":["var dns = require(\"dns\");","","// cache reverse DNS lookups for the life of the program. No TTL checking. No tricks.","","function DNSCache() {","    this.cache = {};","    this.requests = {};","}","","DNSCache.prototype.ptr = function (ip) {","    if (this.cache[ip]) {","        return this.cache[ip];","    }","","    if (this.requests[ip] === undefined) {","        this.requests[ip] = true;","        var self = this;","        dns.reverse(ip, function (err, domains) {","            self.on_ptr(err, ip, domains);","        });","    }","","    return ip;","};","","DNSCache.prototype.on_ptr = function (err, ip, domains) {","    // TODO - check for network and broadcast addrs, since we have iface info","    if (err) {","        this.cache[ip] = ip;","    } else {","        this.cache[ip] = domains[0];","    }","};","","module.exports = DNSCache;",""],"l":{"1":1,"5":1,"6":0,"7":0,"10":1,"11":0,"12":0,"15":0,"16":0,"17":0,"18":0,"19":0,"23":0,"26":1,"28":0,"29":0,"31":0,"35":1}},"/home/travis/build/npmtest/node-npmtest-pcap/node_modules/pcap/tcp_tracker.js":{"path":"/home/travis/build/npmtest/node-npmtest-pcap/node_modules/pcap/tcp_tracker.js","s":{"1":1,"2":1,"3":1,"4":1,"5":1,"6":0,"7":0,"8":1,"9":1,"10":0,"11":0,"12":0,"13":0,"14":0,"15":0,"16":0,"17":0,"18":0,"19":0,"20":0,"21":0,"22":0,"23":0,"24":0,"25":0,"26":0,"27":0,"28":1,"29":0,"30":0,"31":0,"32":0,"33":0,"34":0,"35":0,"36":0,"37":0,"38":0,"39":0,"40":0,"41":0,"42":0,"43":0,"44":0,"45":0,"46":0,"47":0,"48":0,"49":0,"50":0,"51":0,"52":0,"53":0,"54":0,"55":0,"56":0,"57":0,"58":0,"59":1,"60":1,"61":0,"62":0,"63":0,"64":0,"65":0,"66":0,"67":0,"68":0,"69":0,"70":0,"71":0,"72":0,"73":0,"74":0,"75":0,"76":0,"77":0,"78":0,"79":0,"80":0,"81":0,"82":0,"83":0,"84":0,"85":1,"86":0,"87":0,"88":0,"89":0,"90":0,"91":0,"92":0,"93":0,"94":0,"95":0,"96":0,"97":0,"98":0,"99":0,"100":1,"101":0,"102":0,"103":0,"104":0,"105":0,"106":0,"107":0,"108":0,"109":0,"110":0,"111":1,"112":0,"113":0,"114":0,"115":0,"116":0,"117":0,"118":0,"119":0,"120":0,"121":0,"122":0,"123":0,"124":0,"125":0,"126":0,"127":0,"128":0,"129":0,"130":0,"131":0,"132":0,"133":0,"134":0,"135":0,"136":0,"137":0,"138":0,"139":0,"140":0,"141":0,"142":0,"143":0,"144":0,"145":0,"146":0,"147":0,"148":1,"149":0,"150":0,"151":0,"152":0,"153":0,"154":1,"155":0,"156":0,"157":0,"158":0,"159":0,"160":1,"161":0,"162":0,"163":0,"164":0,"165":0,"166":0,"167":0,"168":1,"169":0,"170":0,"171":0,"172":0,"173":0,"174":0,"175":0,"176":1,"177":1,"178":0,"179":0,"180":0,"181":0,"182":0,"183":0,"184":0,"185":0,"186":0,"187":0,"188":0,"189":0,"190":0,"191":0,"192":0,"193":0,"194":0,"195":0,"196":0,"197":0,"198":0,"199":0,"200":0,"201":0,"202":0,"203":0,"204":0,"205":0,"206":0,"207":0,"208":0,"209":0,"210":1,"211":1},"b":{"1":[0,0],"2":[0,0],"3":[0,0],"4":[0,0],"5":[0,0],"6":[0,0],"7":[0,0],"8":[0,0],"9":[0,0],"10":[0,0],"11":[0,0],"12":[0,0],"13":[0,0,0],"14":[0,0],"15":[0,0],"16":[0,0],"17":[0,0],"18":[0,0],"19":[0,0],"20":[0,0],"21":[0,0],"22":[0,0],"23":[0,0],"24":[0,0],"25":[0,0],"26":[0,0],"27":[0,0],"28":[0,0],"29":[0,0],"30":[0,0],"31":[0,0],"32":[0,0],"33":[0,0],"34":[0,0],"35":[0,0],"36":[0,0],"37":[0,0]},"f":{"1":0,"2":0,"3":0,"4":0,"5":0,"6":0,"7":0,"8":0,"9":0,"10":0,"11":0,"12":0,"13":0,"14":0,"15":0,"16":0,"17":0,"18":0,"19":0,"20":0,"21":0},"fnMap":{"1":{"name":"TCPTracker","line":6,"loc":{"start":{"line":6,"column":0},"end":{"line":6,"column":22}}},"2":{"name":"(anonymous_2)","line":12,"loc":{"start":{"line":12,"column":36},"end":{"line":12,"column":54}}},"3":{"name":"TCPSession","line":47,"loc":{"start":{"line":47,"column":0},"end":{"line":47,"column":22}}},"4":{"name":"(anonymous_4)","line":86,"loc":{"start":{"line":86,"column":29},"end":{"line":86,"column":47}}},"5":{"name":"(anonymous_5)","line":121,"loc":{"start":{"line":121,"column":32},"end":{"line":121,"column":50}}},"6":{"name":"(anonymous_6)","line":142,"loc":{"start":{"line":142,"column":32},"end":{"line":142,"column":50}}},"7":{"name":"(anonymous_7)","line":166,"loc":{"start":{"line":166,"column":29},"end":{"line":166,"column":47}}},"8":{"name":"(anonymous_8)","line":224,"loc":{"start":{"line":224,"column":32},"end":{"line":224,"column":50}}},"9":{"name":"(anonymous_9)","line":235,"loc":{"start":{"line":235,"column":34},"end":{"line":235,"column":52}}},"10":{"name":"(anonymous_10)","line":246,"loc":{"start":{"line":246,"column":32},"end":{"line":246,"column":50}}},"11":{"name":"(anonymous_11)","line":259,"loc":{"start":{"line":259,"column":31},"end":{"line":259,"column":49}}},"12":{"name":"(anonymous_12)","line":274,"loc":{"start":{"line":274,"column":30},"end":{"line":274,"column":48}}},"13":{"name":"(anonymous_13)","line":278,"loc":{"start":{"line":278,"column":37},"end":{"line":278,"column":49}}},"14":{"name":"(anonymous_14)","line":280,"loc":{"start":{"line":280,"column":13},"end":{"line":280,"column":28}}},"15":{"name":"(anonymous_15)","line":281,"loc":{"start":{"line":281,"column":14},"end":{"line":281,"column":30}}},"16":{"name":"(anonymous_16)","line":283,"loc":{"start":{"line":283,"column":13},"end":{"line":283,"column":28}}},"17":{"name":"(anonymous_17)","line":284,"loc":{"start":{"line":284,"column":14},"end":{"line":284,"column":30}}},"18":{"name":"(anonymous_18)","line":291,"loc":{"start":{"line":291,"column":22},"end":{"line":291,"column":35}}},"19":{"name":"(anonymous_19)","line":298,"loc":{"start":{"line":298,"column":22},"end":{"line":298,"column":35}}},"20":{"name":"(anonymous_20)","line":305,"loc":{"start":{"line":305,"column":43},"end":{"line":305,"column":56}}},"21":{"name":"(anonymous_21)","line":310,"loc":{"start":{"line":310,"column":43},"end":{"line":310,"column":56}}}},"statementMap":{"1":{"start":{"line":1,"column":0},"end":{"line":1,"column":50}},"2":{"start":{"line":2,"column":0},"end":{"line":2,"column":40}},"3":{"start":{"line":3,"column":0},"end":{"line":3,"column":36}},"4":{"start":{"line":4,"column":0},"end":{"line":4,"column":34}},"5":{"start":{"line":6,"column":0},"end":{"line":9,"column":1}},"6":{"start":{"line":7,"column":4},"end":{"line":7,"column":23}},"7":{"start":{"line":8,"column":4},"end":{"line":8,"column":28}},"8":{"start":{"line":10,"column":0},"end":{"line":10,"column":35}},"9":{"start":{"line":12,"column":0},"end":{"line":45,"column":2}},"10":{"start":{"line":13,"column":4},"end":{"line":13,"column":40}},"11":{"start":{"line":15,"column":4},"end":{"line":42,"column":5}},"12":{"start":{"line":16,"column":8},"end":{"line":16,"column":37}},"13":{"start":{"line":17,"column":8},"end":{"line":17,"column":25}},"14":{"start":{"line":18,"column":8},"end":{"line":18,"column":41}},"15":{"start":{"line":19,"column":8},"end":{"line":19,"column":41}},"16":{"start":{"line":21,"column":8},"end":{"line":25,"column":9}},"17":{"start":{"line":22,"column":12},"end":{"line":22,"column":34}},"18":{"start":{"line":24,"column":12},"end":{"line":24,"column":34}},"19":{"start":{"line":27,"column":8},"end":{"line":27,"column":27}},"20":{"start":{"line":28,"column":8},"end":{"line":28,"column":37}},"21":{"start":{"line":29,"column":8},"end":{"line":33,"column":9}},"22":{"start":{"line":30,"column":12},"end":{"line":30,"column":26}},"23":{"start":{"line":31,"column":12},"end":{"line":31,"column":39}},"24":{"start":{"line":32,"column":12},"end":{"line":32,"column":41}},"25":{"start":{"line":35,"column":8},"end":{"line":35,"column":30}},"26":{"start":{"line":39,"column":8},"end":{"line":41,"column":9}},"27":{"start":{"line":40,"column":12},"end":{"line":40,"column":42}},"28":{"start":{"line":47,"column":0},"end":{"line":83,"column":1}},"29":{"start":{"line":48,"column":4},"end":{"line":48,"column":20}},"30":{"start":{"line":49,"column":4},"end":{"line":49,"column":25}},"31":{"start":{"line":50,"column":4},"end":{"line":50,"column":20}},"32":{"start":{"line":51,"column":4},"end":{"line":51,"column":25}},"33":{"start":{"line":53,"column":4},"end":{"line":53,"column":22}},"34":{"start":{"line":54,"column":4},"end":{"line":54,"column":33}},"35":{"start":{"line":56,"column":4},"end":{"line":56,"column":25}},"36":{"start":{"line":57,"column":4},"end":{"line":57,"column":27}},"37":{"start":{"line":58,"column":4},"end":{"line":58,"column":29}},"38":{"start":{"line":60,"column":4},"end":{"line":60,"column":25}},"39":{"start":{"line":61,"column":4},"end":{"line":61,"column":34}},"40":{"start":{"line":62,"column":4},"end":{"line":62,"column":27}},"41":{"start":{"line":63,"column":4},"end":{"line":63,"column":24}},"42":{"start":{"line":64,"column":4},"end":{"line":64,"column":27}},"43":{"start":{"line":65,"column":4},"end":{"line":65,"column":30}},"44":{"start":{"line":66,"column":4},"end":{"line":66,"column":31}},"45":{"start":{"line":67,"column":4},"end":{"line":67,"column":30}},"46":{"start":{"line":68,"column":4},"end":{"line":68,"column":31}},"47":{"start":{"line":69,"column":4},"end":{"line":69,"column":32}},"48":{"start":{"line":71,"column":4},"end":{"line":71,"column":25}},"49":{"start":{"line":72,"column":4},"end":{"line":72,"column":34}},"50":{"start":{"line":73,"column":4},"end":{"line":73,"column":27}},"51":{"start":{"line":74,"column":4},"end":{"line":74,"column":24}},"52":{"start":{"line":75,"column":4},"end":{"line":75,"column":27}},"53":{"start":{"line":76,"column":4},"end":{"line":76,"column":30}},"54":{"start":{"line":77,"column":4},"end":{"line":77,"column":31}},"55":{"start":{"line":78,"column":4},"end":{"line":78,"column":27}},"56":{"start":{"line":79,"column":4},"end":{"line":79,"column":28}},"57":{"start":{"line":80,"column":4},"end":{"line":80,"column":32}},"58":{"start":{"line":82,"column":4},"end":{"line":82,"column":28}},"59":{"start":{"line":84,"column":0},"end":{"line":84,"column":35}},"60":{"start":{"line":86,"column":0},"end":{"line":119,"column":2}},"61":{"start":{"line":87,"column":4},"end":{"line":87,"column":37}},"62":{"start":{"line":88,"column":4},"end":{"line":88,"column":25}},"63":{"start":{"line":89,"column":4},"end":{"line":89,"column":41}},"64":{"start":{"line":90,"column":4},"end":{"line":90,"column":41}},"65":{"start":{"line":92,"column":4},"end":{"line":92,"column":95}},"66":{"start":{"line":94,"column":4},"end":{"line":118,"column":5}},"67":{"start":{"line":95,"column":8},"end":{"line":95,"column":23}},"68":{"start":{"line":96,"column":8},"end":{"line":96,"column":28}},"69":{"start":{"line":97,"column":8},"end":{"line":97,"column":23}},"70":{"start":{"line":98,"column":8},"end":{"line":98,"column":28}},"71":{"start":{"line":100,"column":8},"end":{"line":106,"column":9}},"72":{"start":{"line":101,"column":12},"end":{"line":101,"column":36}},"73":{"start":{"line":103,"column":12},"end":{"line":103,"column":35}},"74":{"start":{"line":104,"column":12},"end":{"line":104,"column":54}},"75":{"start":{"line":105,"column":12},"end":{"line":105,"column":33}},"76":{"start":{"line":108,"column":8},"end":{"line":108,"column":46}},"77":{"start":{"line":109,"column":8},"end":{"line":109,"column":34}},"78":{"start":{"line":110,"column":8},"end":{"line":110,"column":63}},"79":{"start":{"line":111,"column":8},"end":{"line":111,"column":43}},"80":{"start":{"line":112,"column":8},"end":{"line":112,"column":45}},"81":{"start":{"line":113,"column":8},"end":{"line":113,"column":47}},"82":{"start":{"line":114,"column":11},"end":{"line":118,"column":5}},"83":{"start":{"line":115,"column":8},"end":{"line":115,"column":37}},"84":{"start":{"line":117,"column":8},"end":{"line":117,"column":33}},"85":{"start":{"line":121,"column":0},"end":{"line":140,"column":2}},"86":{"start":{"line":122,"column":4},"end":{"line":122,"column":37}},"87":{"start":{"line":123,"column":4},"end":{"line":123,"column":25}},"88":{"start":{"line":124,"column":4},"end":{"line":124,"column":41}},"89":{"start":{"line":126,"column":4},"end":{"line":139,"column":5}},"90":{"start":{"line":127,"column":8},"end":{"line":127,"column":46}},"91":{"start":{"line":128,"column":8},"end":{"line":128,"column":48}},"92":{"start":{"line":129,"column":8},"end":{"line":129,"column":65}},"93":{"start":{"line":130,"column":8},"end":{"line":130,"column":58}},"94":{"start":{"line":131,"column":8},"end":{"line":131,"column":34}},"95":{"start":{"line":132,"column":8},"end":{"line":132,"column":63}},"96":{"start":{"line":133,"column":8},"end":{"line":133,"column":32}},"97":{"start":{"line":134,"column":11},"end":{"line":139,"column":5}},"98":{"start":{"line":135,"column":8},"end":{"line":135,"column":30}},"99":{"start":{"line":136,"column":8},"end":{"line":136,"column":41}},"100":{"start":{"line":142,"column":0},"end":{"line":157,"column":2}},"101":{"start":{"line":143,"column":4},"end":{"line":143,"column":37}},"102":{"start":{"line":144,"column":4},"end":{"line":144,"column":25}},"103":{"start":{"line":145,"column":4},"end":{"line":145,"column":41}},"104":{"start":{"line":147,"column":4},"end":{"line":156,"column":5}},"105":{"start":{"line":148,"column":8},"end":{"line":148,"column":46}},"106":{"start":{"line":149,"column":8},"end":{"line":149,"column":48}},"107":{"start":{"line":150,"column":8},"end":{"line":150,"column":58}},"108":{"start":{"line":151,"column":8},"end":{"line":151,"column":50}},"109":{"start":{"line":152,"column":8},"end":{"line":152,"column":33}},"110":{"start":{"line":153,"column":8},"end":{"line":153,"column":29}},"111":{"start":{"line":166,"column":0},"end":{"line":221,"column":2}},"112":{"start":{"line":167,"column":4},"end":{"line":167,"column":37}},"113":{"start":{"line":168,"column":4},"end":{"line":168,"column":25}},"114":{"start":{"line":1
[...]
rol = raw_packet.readUInt16BE(offset, true);","    offset += 2;","    ret.type = (ret.frameControl >> 2) & 0x0003;","    ret.subType = (ret.frameControl >> 4) & 0x000f;","    ret.flags = (ret.frameControl >> 8) & 0xff;","    ret.duration = raw_packet.readUInt16BE(offset, true); offset += 2;","    ret.bssid = new EthernetAddr(raw_packet, offset); offset += 6;","    ret.shost = new EthernetAddr(raw_packet, offset); offset += 6;","    ret.dhost = new EthernetAddr(raw_packet, offset); offset += 6;","    ret.fragSeq = raw_packet.readUInt16BE(offset, true); offset += 2;","","    var strength = raw_packet[22];","    ret.strength = -Math.abs(265 - strength);","","","    switch(ret.subType) {","        case 8: // QoS Data","            ret.qosPriority = raw_packet[offset++];","            ret.txop = raw_packet[offset++];","            break;","    }","","    if (ret.type == 2 && ret.subType == 4) {","        // skip this is Null function (No data)","    } else if (ret.type == 2 && ret.subType == 12) {","        // skip this is QoS Null function (No data)","    } else if (ret.type == 2 && ret.subType == 7) {","        // skip this is CF-Ack/Poll","    } else if (ret.type == 2 && ret.subType == 6) {","        // skip this is CF-Poll (No data)","    } else if (ret.type == 2) { // data","        ret.llc = new LogicalLinkControl.decode(raw_packet, offset);","    }","","    return ret;","};","","module.exports = RadioFrame;",""],"l":{"1":1,"2":1,"4":1,"8":1,"9":0,"11":0,"12":0,"13":0,"14":0,"15":0,"16":0,"17":0,"18":0,"19":0,"20":0,"22":0,"23":0,"26":0,"28":0,"29":0,"30":0,"33":0,"35":0,"37":0,"39":0,"41":0,"42":0,"45":0,"48":1}},"/home/travis/build/npmtest/node-npmtest-pcap/node_modules/pcap/decode/sll_packet.js":{"path":"/home/travis/build/npmtest/node-npmtest-pcap/node_modules/pcap/decode/sll_packet.js","s":{"1":1,"2":1,"3":1,"4":1,"5":1,"6":0,"7":0,"8":0,"9":0,"10":0,"11":0,"12":1,"13":0,"14":0,"15":0,"16":0,"17":0,"18":0,"19":0,"20":0,"21":0,"22":0,"23":0,"24":0,"25":0,"26":0,"27":0,"28":0,"29":0,"30":0,"31":0,"32":0,"33":0,"34":0,"35":0,"36":1,"37":0,"38":0,"39":0,"40":0,"41":0,"42":0,"43":0,"44":0,"45":0,"46":0,"47":0,"48":0,"49":0,"50":0,"51":0,"52":0,"53":0,"54":0,"55":0,"56":0,"57":0,"58":0,"59":0,"60":0,"61":0,"62":1},"b":{"1":[0,0],"2":[0,0,0,0,0],"3":[0,0,0,0,0],"4":[0,0,0,0,0]},"f":{"1":0,"2":0,"3":0},"fnMap":{"1":{"name":"SLLPacket","line":9,"loc":{"start":{"line":9,"column":0},"end":{"line":9,"column":22}}},"2":{"name":"(anonymous_2)","line":18,"loc":{"start":{"line":18,"column":29},"end":{"line":18,"column":59}}},"3":{"name":"(anonymous_3)","line":56,"loc":{"start":{"line":56,"column":31},"end":{"line":56,"column":43}}}},"statementMap":{"1":{"start":{"line":4,"column":0},"end":{"line":4,"column":36}},"2":{"start":{"line":5,"column":0},"end":{"line":5,"column":29}},"3":{"start":{"line":6,"column":0},"end":{"line":6,"column":29}},"4":{"start":{"line":7,"column":0},"end":{"line":7,"column":27}},"5":{"start":{"line":9,"column":0},"end":{"line":16,"column":1}},"6":{"start":{"line":10,"column":4},"end":{"line":10,"column":28}},"7":{"start":{"line":11,"column":4},"end":{"line":11,"column":29}},"8":{"start":{"line":12,"column":4},"end":{"line":12,"column":28}},"9":{"start":{"line":13,"column":4},"end":{"line":13,"column":24}},"10":{"start":{"line":14,"column":4},"end":{"line":14,"column":26}},"11":{"start":{"line":15,"column":4},"end":{"line":15,"column":24}},"12":{"start":{"line":18,"column":0},"end":{"line":54,"column":2}},"13":{"start":{"line":19,"column":4},"end":{"line":19,"column":55}},"14":{"start":{"line":20,"column":4},"end":{"line":20,"column":16}},"15":{"start":{"line":21,"column":4},"end":{"line":21,"column":56}},"16":{"start":{"line":22,"column":4},"end":{"line":22,"column":16}},"17":{"start":{"line":23,"column":4},"end":{"line":23,"column":55}},"18":{"start":{"line":24,"column":4},"end":{"line":24,"column":16}},"19":{"start":{"line":25,"column":4},"end":{"line":25,"column":69}},"20":{"start":{"line":26,"column":4},"end":{"line":26,"column":16}},"21":{"start":{"line":27,"column":4},"end":{"line":27,"column":53}},"22":{"start":{"line":28,"column":4},"end":{"line":28,"column":16}},"23":{"start":{"line":30,"column":4},"end":{"line":51,"column":5}},"24":{"start":{"line":32,"column":8},"end":{"line":32,"column":27}},"25":{"start":{"line":35,"column":8},"end":{"line":50,"column":9}},"26":{"start":{"line":37,"column":12},"end":{"line":37,"column":65}},"27":{"start":{"line":38,"column":12},"end":{"line":38,"column":18}},"28":{"start":{"line":40,"column":12},"end":{"line":40,"column":64}},"29":{"start":{"line":41,"column":12},"end":{"line":41,"column":18}},"30":{"start":{"line":43,"column":12},"end":{"line":43,"column":65}},"31":{"start":{"line":44,"column":12},"end":{"line":44,"column":18}},"32":{"start":{"line":46,"column":12},"end":{"line":46,"column":52}},"33":{"start":{"line":47,"column":12},"end":{"line":47,"column":18}},"34":{"start":{"line":49,"column":12},"end":{"line":49,"column":105}},"35":{"start":{"line":53,"column":4},"end":{"line":53,"column":16}},"36":{"start":{"line":56,"column":0},"end":{"line":99,"column":2}},"37":{"start":{"line":57,"column":4},"end":{"line":57,"column":17}},"38":{"start":{"line":59,"column":4},"end":{"line":75,"column":5}},"39":{"start":{"line":61,"column":8},"end":{"line":61,"column":25}},"40":{"start":{"line":62,"column":8},"end":{"line":62,"column":14}},"41":{"start":{"line":64,"column":8},"end":{"line":64,"column":27}},"42":{"start":{"line":65,"column":8},"end":{"line":65,"column":14}},"43":{"start":{"line":67,"column":8},"end":{"line":67,"column":27}},"44":{"start":{"line":68,"column":8},"end":{"line":68,"column":14}},"45":{"start":{"line":70,"column":8},"end":{"line":70,"column":31}},"46":{"start":{"line":71,"column":8},"end":{"line":71,"column":14}},"47":{"start":{"line":73,"column":8},"end":{"line":73,"column":25}},"48":{"start":{"line":74,"column":8},"end":{"line":74,"column":14}},"49":{"start":{"line":77,"column":4},"end":{"line":77,"column":44}},"50":{"start":{"line":79,"column":4},"end":{"line":79,"column":30}},"51":{"start":{"line":81,"column":4},"end":{"line":96,"column":5}},"52":{"start":{"line":83,"column":8},"end":{"line":83,"column":23}},"53":{"start":{"line":84,"column":8},"end":{"line":84,"column":14}},"54":{"start":{"line":86,"column":8},"end":{"line":86,"column":22}},"55":{"start":{"line":87,"column":8},"end":{"line":87,"column":14}},"56":{"start":{"line":89,"column":8},"end":{"line":89,"column":23}},"57":{"start":{"line":90,"column":8},"end":{"line":90,"column":14}},"58":{"start":{"line":92,"column":8},"end":{"line":92,"column":23}},"59":{"start":{"line":93,"column":8},"end":{"line":93,"column":14}},"60":{"start":{"line":95,"column":8},"end":{"line":95,"column":46}},"61":{"start":{"line":98,"column":4},"end":{"line":98,"column":47}},"62":{"start":{"line":101,"column":0},"end":{"line":101,"column":27}}},"branchMap":{"1":{"line":30,"type":"if","locations":[{"start":{"line":30,"column":4},"end":{"line":30,"column":4}},{"start":{"line":30,"column":4},"end":{"line":30,"column":4}}]},"2":{"line":35,"type":"switch","locations":[{"start":{"line":36,"column":8},"end":{"line":38,"column":18}},{"start":{"line":39,"column":8},"end":{"line":41,"column":18}},{"start":{"line":42,"column":8},"end":{"line":44,"column":18}},{"start":{"line":45,"column":8},"end":{"line":47,"column":18}},{"start":{"line":48,"column":8},"end":{"line":49,"column":105}}]},"3":{"line":59,"type":"switch","locations":[{"start":{"line":60,"column":4},"end":{"line":62,"column":14}},{"start":{"line":63,"column":4},"end":{"line":65,"column":14}},{"start":{"line":66,"column":4},"end":{"line":68,"column":14}},{"start":{"line":69,"column":4},"end":{"line":71,"column":14}},{"start":{"line":72,"column":4},"end":{"line":74,"column":14}}]},"4":{"line":81,"type":"switch","locations":[{"start":{"line":82,"column":4},"end":{"line":84,"column":14}},{"start":{"line":85,"column":4},"end":{"line":87,"column":14}},{"start":{"line":88,"column":4},"end":{"line":90,"column":14}},{"start":{"line":91,"column":4},"end":{"line":93,"column":14}},{"start":{"line":94,"column":4},"end":{"line":95,"column":46}}]}},"code":["// Synthetic Link Layer used by Linux to support the \"any\" pseudo device","// http://www.tcpdump.org/linktypes/LINKTYPE_LINUX_SLL.html","","var SLLAddr = require(\"./sll_addr\");","var IPv4 = require(\"./ipv4\");","var IPv6 = require(\"./ipv6\");","var Arp = require(\"./arp\");","","function SLLPacket () {","    this.packet_type = null;","    this.address_type = null;","    this.address_len = null;","    this.address = null;","    this.ethertype = null;","    this.payload = null;","}","","SLLPacket.prototype.decode = function (raw_packet, offset) {","    this.packet_type = raw_packet.readUInt16BE(offset);","    offset += 2;","    this.address_type = raw_packet.readUInt16BE(offset);","    offset += 2;","    this.address_len = raw_packet.readUInt16BE(offset);","    offset += 2;","    this.address = new SLLAddr(raw_packet, offset, this.address_len);","    offset += 8; // address uses 8 bytes in frame, but only address_len bytes are significant","    this.ethertype = raw_packet.readUInt16BE(offset);","    offset += 2;","","    if (this.ethertype < 1536) {","        // this packet is actually some 802.3 type without an ethertype","        this.ethertype = 0;","    } else {","        // http://en.wikipedia.org/wiki/EtherType","        switch (this.ethertype) {","        case 0x800: // IPv4","            this.payload = new IPv4().decode(raw_packet, offset);","            break;","        case 0x806: // ARP","            this.payload = new Arp().decode(raw_packet, offset);","            break;","        case 0x86dd: // IPv6 - http://en.wikipedia.org/wiki/IPv6","            this.payload = new IPv6().decode(raw_packet, offset);","            break;","        case 0x88cc: // LLDP - http://en.wikipedia.org/wiki/Link_Layer_Discovery_Protocol","            this.payload = \"need to implement LLDP\";","            break;","        default:","            console.log(\"node_pcap: SLLPacket() - Don't know how to decode ethertype \" + this.ethertype);","        }","    }","","    return this;","};","","SLLPacket.prototype.toString = function () {","    var ret = \"\";","","    switch (this.packet_type) {","    case 0:","        ret += \"recv_us\";","        break;","    case 1:","        ret += \"broadcast\";","        break;","    case 2:","        ret += \"multicast\";","        break;","    case 3:","        ret += \"remote_remote\";","        break;","    case 4:","        ret += \"sent_us\";","        break;","    }","","    ret += \" addrtype \" + this.address_type;","","    ret += \" \" + this.address;","","    switch (this.ethertype) {","    case 0x800:","        ret += \" IPv4\";","        break;","    case 0x806:","        ret += \" ARP\";","        break;","    case 0x86dd:","        ret += \" IPv6\";","        break;","    case 0x88cc:","        ret += \" LLDP\";","        break;","    default:","        ret += \" ethertype \" + this.ethertype;","    }","","    return ret + \" \" + this.payload.toString();","};","","module.exports = SLLPacket;",""],"l":{"4":1,"5":1,"6":1,"7":1,"9":1,"10":0,"11":0,"12":0,"13":0,"14":0,"15":0,"18":1,"19":0,"20":0,"21":0,"22":0,"23":0,"24":0,"25":0,"26":0,"27":0,"28":0,"30":0,"32":0,"35":0,"37":0,"38":0,"40":0,"41":0,"43":0,"44":0,"46":0,"47":0,"49":0,"53":0,"56":1,"57":0,"59":0,"61":0,"62":0,"64":0,"65":0,"67":0,"68":0,"70":0,"71":0,"73":0,"74":0,"77":0,"79":0,"81":0,"83":0,"84":0,"86":0,"87":0,"89":0,"90":0,"92":0,"93":0,"95":0,"98":0,"101":1}},"/home/travis/build/npmtest/node-npmtest-pcap/node_modules/pcap/decode/sll_addr.js":{"path":"/home/travis/build/npmtest/node-npmtest-pcap/node_modules/pcap/decode/sll_addr.js","s":{"1":1,"2":1,"3":0,"4":0,"5":0,"6":1,"7":0,"8":0,"9":0,"10":0,"11":0,"12":1},"b":{},"f":{"1":0,"2":0},"fnMap":{"1":{"name":"SLLAddr","line":3,"loc":{"start":{"line":3,"column":0},"end":{"line":3,"column":42}}},"2":{"name":"(anonymous_2)","line":10,"loc":{"start":{"line":10,"column":29},"end":{"line":10,"column":41}}}},"statementMap":{"1":{"start":{"line":1,"column":0},"end":{"line":1,"column":30}},"2":{"start":{"line":3,"column":0},"end":{"line":8,"column":1}},"3":{"start":{"line":4,"column":1},"end":{"line":4,"column":28}},"4":{"start":{"line":5,"column":4},"end":{"line":7,"column":5}},"5":{"start":{"line":6,"column":5},"end":{"line":6,"column":43}},"6":{"start":{"line":10,"column":0},"end":{"line":17,"column":2}},"7":{"start":{"line":11,"column":1},"end":{"line":11,"column":14}},"8":{"start":{"line":12,"column":1},"end":{"line":14,"column":2}},"9":{"start":{"line":13,"column":2},"end":{"line":13,"column":46}},"10":{"start":{"line":15,"column":1},"end":{"line":15,"column":43}},"11":{"start":{"line":16,"column":1},"end":{"line":16,"column":12}},"12":{"start":{"line":19,"column":0},"end":{"line":19,"column":25}}},"branchMap":{},"code":["var util = require(\"../util\");","","function SLLAddr(raw_packet, offset, len) {","\tthis.addr = new Array(len);","    for (var i = 0; i < len; i++) {","    \tthis.addr[i] = raw_packet[offset + i];","    }","}","","SLLAddr.prototype.toString = function () {","\tvar ret = \"\";","\tfor (var i = 0; i < this.addr.length - 1; i++) {","\t\tret += util.int8_to_hex[this.addr[i]] + \":\";","\t}","\tret += util.int8_to_hex[this.addr[i + 1]];","\treturn ret;","};","","module.exports = SLLAddr;",""],"l":{"1":1,"3":1,"4":0,"5":0,"6":0,"10":1,"11":0,"12":0,"13":0,"15":0,"16":0,"19":1}},"/home/travis/build/npmtest/node-npmtest-pcap/node_modules/pcap/decode/websocket.js":{"path":"/home/travis/build/npmtest/node-npmtest-pcap/node_modules/pcap/decode/websocket.js","s":{"1":1,"2":0,"3":0,"4":1,"5":0,"6":0,"7":0,"8":0,"9":0,"10":0,"11":0,"12":0,"13":1,"14":1,"15":0,"16":0,"17":0,"18":0,"19":0,"20":0,"21":0,"22":0,"23":0,"24":0,"25":0,"26":0,"27":0,"28":0,"29":0,"30":0,"31":0,"32":0,"33":0,"34":0,"35":0,"36":0,"37":0,"38":1},"b":{"1":[0,0],"2":[0,0,0,0],"3":[0,0],"4":[0,0]},"f":{"1":0,"2":0,"3":0},"fnMap":{"1":{"name":"WebSocketFrame","line":2,"loc":{"start":{"line":2,"column":0},"end":{"line":2,"column":26}}},"2":{"name":"WebSocketParser","line":7,"loc":{"start":{"line":7,"column":0},"end":{"line":7,"column":31}}},"3":{"name":"(anonymous_3)","line":22,"loc":{"start":{"line":22,"column":36},"end":{"line":22,"column":60}}}},"statementMap":{"1":{"start":{"line":2,"column":0},"end":{"line":5,"column":1}},"2":{"start":{"line":3,"column":4},"end":{"line":3,"column":21}},"3":{"start":{"line":4,"column":4},"end":{"line":4,"column":19}},"4":{"start":{"line":7,"column":0},"end":{"line":19,"column":1}},"5":{"start":{"line":8,"column":4},"end":{"line":8,"column":40}},"6":{"start":{"line":9,"column":4},"end":{"line":9,"column":24}},"7":{"start":{"line":10,"column":4},"end":{"line":15,"column":5}},"8":{"start":{"line":11,"column":8},"end":{"line":11,"column":37}},"9":{"start":{"line":12,"column":8},"end":{"line":12,"column":31}},"10":{"start":{"line":14,"column":8},"end":{"line":14,"column":34}},"11":{"start":{"line":16,"column":4},"end":{"line":16,"column":38}},"12":{"start":{"line":18,"column":4},"end":{"line":18,"column":35}},"13":{"start":{"line":20,"column":0},"end":{"line":20,"column":74}},"14":{"start":{"line":22,"column":0},"end":{"line":56,"column":2}},"15":{"start":{"line":23,"column":4},"end":{"line":23,"column":16}},"16":{"start":{"line":25,"column":4},"end":{"line":55,"column":5}},"17":{"start":{"line":26,"column":8},"end":{"line":54,"column":9}},"18":{"start":{"line":28,"column":12},"end":{"line":28,"column":36}},"19":{"start":{"line":29,"column":12},"end":{"line":31,"column":13}},"20":{"start":{"line":30,"column":16},"end":{"line":30,"column":42}},"21":{"start":{"line":32,"column":12},"end":{"line":32,"column":21}},"22":{"start":{"line":33,"column":12},"end":{"line":33,"column":18}},"23":{"start":{"line":35,"column":12},"end":{"line":35,"column":48}},"24":{"start":{"line":36,"column":12},"end":{"line":36,"column":21}},"25":{"start":{"line":37,"column":12},"end":{"line":37,"column":45}},"26":{"start":{"line":38,"column":12},"end":{"line":38,"column":18}},"27":{"start":{"line":40,"column":12},"end":{"line":50,"column":13}},"28":{"start":{"line":41,"column":16},"end":{"line":41,"column":65}},"29":{"start":{"line":42,"column":16},"end":{"line":42,"column":37}},"30":{"start":{"line":43,"column":16},"end":{"line":43,"column":25}},"31":{"start":{"line":45,"column":16},"end":{"line":45,"column":83}},"32":{"start":{"line":46,"column":16},"end":{"line":46,"column":54}},"33":{"start":{"line":47,"column":16},"end":{"line":47,"column":42}},"34":{"start":{"line":48,"column":16},"end":{"line":48,"column":36}},"35":{"start":{"line":49,"column":16},"end":{"line":49,"column":25}},"36":{"start":{"line":51,"column":12},"end":{"line":51,"column":18}},"37":{"start":{"line":53,"column":12},"end":{"line":53,"column":59}},"38":{"start":{"line":58,"column":0},"end":{"line":58,"column":33}}},"branchMap":{"1":{"line":10,"type":"if","locations":[{"start":{"line":10,"column":4},"end":{"line":10,"column":4}},{"start":{"line":10,"column":4},"end":{"line":10,"column":4}}]},"2":{"line":26,"type":"switch","locations":[{"start":{"line":27,"column":8},"end":{"line":33,"column":18}},{"start":{"line":34,"column":8},"end":{"line":38,"column":18}},{"start":{"line":39,"column":8},"end":{"line":51,"column":18}},{"start":{"line":52,"column":8},"end":{"line":53,"column":59}}]},"3":{"line":29,"type":"if","locations":[{"start":{"line":29,"column":12},"end":{"line":29,"column":12}},{"start":{"line":29,"column":12},"end":{"line":29,"column":12}}]},"4":{"line":40,"type":"if","locations":[{"start":{"line":40,"column":12},"end":{"line":40,"column":12}},{"start":{"line":40,"column":12},"end":{"line":40,"column":12}}]}},"code":["// Meaningfully hold the different types of frames at some point","function WebSocketFrame() {","    this.type = null;","    this.data = \"\";","}","","function WebSocketParser(flag) {","    this.buffer = new Buffer(64 * 1024); // 64KB is the max message size","    this.buffer.end = 0;","    if (flag === \"draft76\") {","        this.state = \"skip_response\";","        this.skipped_bytes = 0;","    } else {","        this.state = \"frame_type\";","    }","    this.frame = new WebSocketFrame();","","    events.EventEmitter.call(this);","}","require(\"util\").inherits(WebSocketParser, require(\"events\").EventEmitter);","","WebSocketParser.prototype.execute = function (incoming_buf) {","    var pos = 0;","","    while (pos < incoming_buf.length) {","        switch (this.state) {","        case \"skip_response\":","            this.skipped_bytes += 1;","            if (this.skipped_bytes === 16) {","                this.state = \"frame_type\";","            }","            pos += 1;","            break;","        case \"frame_type\":","            this.frame.type = incoming_buf[pos];","            pos += 1;","            this.state = \"read_until_marker\";","            break;","        case \"read_until_marker\":","            if (incoming_buf[pos] !== 255) {","                this.buffer[this.buffer.end] = incoming_buf[pos];","                this.buffer.end += 1;","                pos += 1;","            } else {","                this.frame.data = this.buffer.toString(\"utf8\", 0, this.buffer.end);","                this.emit(\"message\", this.frame.data); // this gets converted to \"websocket message\" in TCP_Tracker","                this.state = \"frame_type\";","                this.buffer.end = 0;","                pos += 1;","            }","            break;","        default:","            throw new Error(\"invalid state \" + this.state);","        }","    }","};","","module.exports = WebSocketParser;",""],"l":{"2":1,"3":0,"4":0,"7":1,"8":0,"9":0,"10":0,"11":0,"12":0,"14":0,"16":0,"18":0,"20":1,"22":1,"23":0,"25":0,"26":0,"28":0,"29":0,"30":0,"32":0,"33":0,"35":0,"36":0,"37":0,"38":0,"40":0,"41":0,"42":0,"43":0,"45":0,"46":0,"47":0,"48":0,"49":0,"51":0,"53":0,"58":1}}}